[3702162ac] {jit-log-opt-loop
# Loop 0 (25: [0x1]pushReceiverVariableBytecode (do:)) : loop with 302 ops
[p0]
+61: i1 = getfield_gc(p0, descr=<FieldS spyvm.shadow.ContextPartShadow.inst__pc 24>)
+70: i2 = getfield_gc(p0, descr=<FieldU spyvm.shadow.ContextPartShadow.inst__stack_ptr 32>)
+73: p3 = getfield_gc(p0, descr=<FieldP spyvm.shadow.ContextPartShadow.inst__s_sender 28>)
+76: p4 = getfield_gc(p0, descr=<FieldP spyvm.shadow.ContextPartShadow.inst__temps_and_stack 36>)
+79: p6 = getarrayitem_gc(p4, 0, descr=<ArrayP 4>)
+82: p8 = getarrayitem_gc(p4, 1, descr=<ArrayP 4>)
+85: p10 = getarrayitem_gc(p4, 2, descr=<ArrayP 4>)
+94: p12 = getarrayitem_gc(p4, 3, descr=<ArrayP 4>)
+103: p14 = getarrayitem_gc(p4, 4, descr=<ArrayP 4>)
+112: p16 = getarrayitem_gc(p4, 5, descr=<ArrayP 4>)
+121: p18 = getarrayitem_gc(p4, 6, descr=<ArrayP 4>)
+130: p20 = getarrayitem_gc(p4, 7, descr=<ArrayP 4>)
+139: p22 = getarrayitem_gc(p4, 8, descr=<ArrayP 4>)
+148: p24 = getarrayitem_gc(p4, 9, descr=<ArrayP 4>)
+157: p26 = getarrayitem_gc(p4, 10, descr=<ArrayP 4>)
+166: p28 = getarrayitem_gc(p4, 11, descr=<ArrayP 4>)
+175: p30 = getarrayitem_gc(p4, 12, descr=<ArrayP 4>)
+184: p32 = getarrayitem_gc(p4, 13, descr=<ArrayP 4>)
+193: p34 = getarrayitem_gc(p4, 14, descr=<ArrayP 4>)
+202: p36 = getarrayitem_gc(p4, 15, descr=<ArrayP 4>)
+211: p38 = getarrayitem_gc(p4, 16, descr=<ArrayP 4>)
+220: p40 = getarrayitem_gc(p4, 17, descr=<ArrayP 4>)
+229: p42 = getarrayitem_gc(p4, 18, descr=<ArrayP 4>)
+238: label(p0, i1, i2, p3, p6, p8, p10, p12, p14, p16, p18, p20, p22, p24, p26, p28, p30, p32, p34, p36, p38, p40, p42, descr=TargetToken(45798640))
debug_merge_point(0, 0, '25: [0x1]pushReceiverVariableBytecode (do:)')
+256: guard_value(i1, 25, descr=<Guard0x2bcd950>) [p0, i1, i2, p3, p6, p8, p10, p12, p14, p16, p18, p20, p22, p24, p26, p28, p30, p32, p34, p36, p38, p40, p42]
+265: guard_class(p0, ConstClass(MethodContextShadow), descr=<Guard0x2bcd8d0>) [p0, i2, p3, p6, p8, p10, p12, p14, p16, p18, p20, p22, p24, p26, p28, p30, p32, p34, p36, p38, p40, p42]
+284: p45 = getfield_gc(p0, descr=<FieldP spyvm.shadow.MethodContextShadow.inst__w_method 44>)
+287: guard_value(p45, ConstPtr(ptr46), descr=<Guard0x2bcd850>) [p0, p45, i2, p3, p6, p8, p10, p12, p14, p16, p18, p20, p22, p24, p26, p28, p30, p32, p34, p36, p38, p40, p42]
+299: guard_not_invalidated(descr=<Guard0x2bcd7d0>) [p0, i2, p3, p6, p8, p10, p12, p14, p16, p18, p20, p22, p24, p26, p28, p30, p32, p34, p36, p38, p40, p42]
+299: p47 = getfield_gc(p0, descr=<FieldP spyvm.shadow.MethodContextShadow.inst__w_receiver 48>)
+302: i48 = getfield_gc(p0, descr=<FieldU spyvm.shadow.AbstractShadow.inst_space 12>)
+305: guard_class(p47, 6040288, descr=<Guard0x2bcd750>) [p0, i48, p47, i2, p3, p6, p8, p10, p12, p14, p16, p18, p20, p22, p24, p26, p28, p30, p32, p34, p36, p38, p40, p42]
+318: p50 = getfield_gc(p47, descr=<FieldP spyvm.model.W_AbstractPointersObject.inst__shadow 20>)
+321: guard_isnull(p50, descr=<Guard0x2bcd6d0>) [p0, p50, p47, i2, p3, p6, p8, p10, p12, p14, p16, p18, p20, p22, p24, p26, p28, p30, p32, p34, p36, p38, p40, p42]
+329: p51 = getfield_gc(p47, descr=<FieldP spyvm.model.W_PointersObject.inst_fieldtypes 28>)
+332: guard_value(p51, ConstPtr(ptr52), descr=<Guard0x2bcd650>) [p0, p51, p47, i2, p3, p6, p8, p10, p12, p14, p16, p18, p20, p22, p24, p26, p28, p30, p32, p34, p36, p38, p40, p42]
+344: p53 = getfield_gc(p47, descr=<FieldP spyvm.model.W_PointersObject.inst__vars 24>)
+347: p55 = getarrayitem_gc(p53, 1, descr=<ArrayP 4>)
+350: guard_value(i2, 2, descr=<Guard0x2bcd5d0>) [p0, i2, p55, p3, p6, p8, p10, p12, p14, p16, p18, p20, p22, p24, p26, p28, p30, p32, p34, p36, p38, p40, p42]
debug_merge_point(0, 0, '26: [0x11]pushTemporaryVariableBytecode (do:)')
debug_merge_point(0, 0, '27: [0xb5]bytecodePrimGreaterOrEqual (do:)')
+359: i57 = getfield_gc_pure(p55, descr=<FieldS spyvm.model.W_SmallInteger.inst_value 8>)
+362: guard_nonnull_class(p8, ConstClass(W_SmallInteger), descr=<Guard0x2bcd550>) [p0, i57, p8, p3, p6, p55, p14, p16, p18, p20, p22, p24, p26, p28, p30, p32, p34, p36, p38, p40, p42]
+386: i59 = getfield_gc_pure(p8, descr=<FieldS spyvm.model.W_SmallInteger.inst_value 8>)
+389: i60 = int_ge(i57, i59)
guard_true(i60, descr=<Guard0x2bcd4d0>) [p0, p3, p6, p8, p55, p14, p16, p18, p20, p22, p24, p26, p28, p30, p32, p34, p36, p38, p40, p42]
debug_merge_point(0, 0, '28: [0xac]longJumpIfFalse (do:)')
debug_merge_point(0, 0, '30: [0x10]pushTemporaryVariableBytecode (do:)')
debug_merge_point(0, 0, '31: [0x11]pushTemporaryVariableBytecode (do:)')
debug_merge_point(0, 0, '32: [0xca]bytecodePrimValueWithArg (do:)')
+397: guard_class(p6, 6040288, descr=<Guard0x2bcd450>) [p0, i48, p6, p3, p8, p14, p16, p18, p20, p22, p24, p26, p28, p30, p32, p34, p36, p38, p40, p42]
+416: p62 = getfield_gc(p6, descr=<FieldP spyvm.model.W_AbstractObjectWithClassReference.inst_s_class 12>)
+419: p63 = getfield_gc(p62, descr=<FieldP spyvm.shadow.AbstractShadow.inst__w_self 8>)
+422: i65 = instance_ptr_eq(p63, ConstPtr(ptr64))
guard_true(i65, descr=<Guard0x2bcd3d0>) [p0, p63, p3, p6, p8, p14, p16, p18, p20, p22, p24, p26, p28, p30, p32, p34, p36, p38, p40, p42]
+434: guard_class(p63, 6040288, descr=<Guard0x2bcd350>) [p0, p6, p63, p3, p8, p14, p16, p18, p20, p22, p24, p26, p28, p30, p32, p34, p36, p38, p40, p42]
+447: p67 = getfield_gc(p6, descr=<FieldP spyvm.model.W_AbstractPointersObject.inst__shadow 20>)
+450: guard_nonnull_class(p67, ConstClass(BlockContextShadow), descr=<Guard0x2bcd2d0>) [p0, p67, p6, p3, p8, p14, p16, p18, p20, p22, p24, p26, p28, p30, p32, p34, p36, p38, p40, p42]
+468: i69 = getfield_gc(p67, descr=<FieldS spyvm.shadow.BlockContextShadow.inst__eargc 44>)
+471: i71 = int_ne(1, i69)
guard_false(i71, descr=<Guard0x2bcd250>) [p0, i69, p67, p3, p6, p8, p14, p16, p18, p20, p22, p24, p26, p28, p30, p32, p34, p36, p38, p40, p42]
+480: i72 = ptr_eq(p67, p0)
guard_false(i72, descr=<Guard0x2bcd1d0>) [p0, p67, p3, p6, p8, p14, p16, p18, p20, p22, p24, p26, p28, p30, p32, p34, p36, p38, p40, p42]
+492: p73 = getfield_gc(p67, descr=<FieldP spyvm.shadow.ContextPartShadow.vable_token 20>)
+495: i75 = ptr_ne(p73, ConstPtr(null))
+510: cond_call(i75, 4712800, p67, descr=<Callv 0 r EF=2 OS=121>)
+545: i77 = getfield_gc(p67, descr=<FieldU spyvm.shadow.ContextPartShadow.inst__stack_ptr 32>)
+548: guard_value(i77, 0, descr=<Guard0x2bcd150>) [p0, p67, i77, p3, p6, p8, p14, p16, p18, p20, p22, p24, p26, p28, p30, p32, p34, p36, p38, p40, p42]
+557: p79 = getfield_gc(p67, descr=<FieldP spyvm.shadow.ContextPartShadow.inst__temps_and_stack 36>)
+560: i80 = getfield_gc(p67, descr=<FieldS spyvm.shadow.BlockContextShadow.inst__initialip 48>)
+569: i82 = getfield_gc(ConstPtr(ptr81), descr=<FieldU spyvm.interpreter.Interpreter.inst__loop 44>)
+602: setarrayitem_gc(p79, 0, p8, descr=<ArrayP 4>)
+605: setfield_gc(p67, 1, descr=<FieldU spyvm.shadow.ContextPartShadow.inst__stack_ptr 32>)
+618: setfield_gc(p67, i80, descr=<FieldS spyvm.shadow.ContextPartShadow.inst__pc 24>)
+633: setfield_gc(p67, p0, descr=<FieldP spyvm.shadow.ContextPartShadow.inst__s_sender 28>)
+648: guard_true(i82, descr=<Guard0x2bcd0d0>) [p0, p67, p3, p6, p8, p14, p16, p18, p20, p22, p24, p26, p28, p30, p32, p34, p36, p38, p40, p42]
+656: i84 = getfield_gc(ConstPtr(ptr81), descr=<FieldS spyvm.interpreter.Interpreter.inst_remaining_stack_depth 40>)
+662: i86 = int_le(i84, 1)
guard_false(i86, descr=<Guard0x2bcd050>) [p0, p67, p3, p6, p8, p14, p16, p18, p20, p22, p24, p26, p28, p30, p32, p34, p36, p38, p40, p42]
+671: i88 = int_sub(i84, 1)
+680: p89 = getfield_gc(p67, descr=<FieldP spyvm.shadow.BlockContextShadow.inst__w_home 52>)
+683: i90 = getfield_gc(p67, descr=<FieldU spyvm.shadow.AbstractShadow.inst_space 12>)
+692: p91 = getfield_gc(p89, descr=<FieldP spyvm.model.W_AbstractPointersObject.inst__shadow 20>)
+701: setfield_gc(ConstPtr(ptr81), i88, descr=<FieldS spyvm.interpreter.Interpreter.inst_remaining_stack_depth 40>)
+719: guard_nonnull_class(p91, ConstClass(MethodContextShadow), descr=<Guard0x2bccf90>) [p0, p67, i90, p89, p91, p3, p6, p8, p14, p16, p18, p20, p22, p24, p26, p28, p30, p32, p34, p36, p38, p40, p42]
+743: p93 = getfield_gc(p91, descr=<FieldP spyvm.shadow.MethodContextShadow.inst__w_method 44>)
+746: guard_value(p93, ConstPtr(ptr94), descr=<Guard0x2bccf10>) [p0, p67, p93, p3, p6, p8, p14, p16, p18, p20, p22, p24, p26, p28, p30, p32, p34, p36, p38, p40, p42]
+758: i96 = int_lt(i80, 0)
guard_false(i96, descr=<Guard0x2bcce90>) [p0, i80, p67, p3, p6, p8, p14, p16, p18, p20, p22, p24, p26, p28, p30, p32, p34, p36, p38, p40, p42]
+767: guard_value(i80, 11, descr=<Guard0x2bcce10>) [p0, i80, p67, p3, p6, p8, p14, p16, p18, p20, p22, p24, p26, p28, p30, p32, p34, p36, p38, p40, p42]
debug_merge_point(1, 1, '11: [0x69]storeAndPopTemporaryVariableBytecode (asOrderedCollection)')
+776: setarrayitem_gc(p79, 0, ConstPtr(null), descr=<ArrayP 4>)
+789: setfield_gc(p67, 0, descr=<FieldU spyvm.shadow.ContextPartShadow.inst__stack_ptr 32>)
+802: setfield_gc(p67, 12, descr=<FieldS spyvm.shadow.ContextPartShadow.inst__pc 24>)
+809: i101 = ptr_eq(p91, p0)
guard_false(i101, descr=<Guard0x2bccd90>) [p0, p67, p91, p8, p3, p6, p14, p16, p18, p20, p22, p24, p26, p28, p30, p32, p34, p36, p38, p40, p42]
+821: p102 = getfield_gc(p91, descr=<FieldP spyvm.shadow.ContextPartShadow.vable_token 20>)
+824: i103 = ptr_ne(p102, ConstPtr(null))
+833: cond_call(i103, 4712800, p91, descr=<Callv 0 r EF=2 OS=121>)
+872: p105 = getfield_gc(p91, descr=<FieldP spyvm.shadow.ContextPartShadow.inst__temps_and_stack 36>)
debug_merge_point(1, 1, '12: [0x10]pushTemporaryVariableBytecode (asOrderedCollection)')
+887: cond_call(i103, 4712800, p91, descr=<Callv 0 r EF=2 OS=121>)
+937: p108 = getarrayitem_gc(p105, 0, descr=<ArrayP 4>)
debug_merge_point(1, 1, '13: [0x11]pushTemporaryVariableBytecode (asOrderedCollection)')
+946: cond_call(i103, 4712800, p91, descr=<Callv 0 r EF=2 OS=121>)
+1020: setarrayitem_gc(p105, 1, p8, descr=<ArrayP 4>)
debug_merge_point(1, 1, '14: [0xe1]sendLiteralSelectorBytecode (asOrderedCollection)')
+1043: setarrayitem_gc(p79, 0, p108, descr=<ArrayP 4>)
+1046: setfield_gc(p67, 2, descr=<FieldU spyvm.shadow.ContextPartShadow.inst__stack_ptr 32>)
+1059: setfield_gc(p67, 15, descr=<FieldS spyvm.shadow.ContextPartShadow.inst__pc 24>)
+1086: setarrayitem_gc(p79, 1, p8, descr=<ArrayP 4>)
+1089: guard_class(p108, 6040288, descr=<Guard0x2bccd10>) [p0, p67, i90, p108, p3, p6, p8, p14, p16, p18, p20, p22, p24, p26, p28, p30, p32, p34, p36, p38, p40, p42]
+1102: p116 = getfield_gc(p108, descr=<FieldP spyvm.model.W_AbstractObjectWithClassReference.inst_s_class 12>)
+1105: guard_value(p116, ConstPtr(ptr117), descr=<Guard0x2bccc90>) [p0, p67, p108, p116, p3, p6, p8, p14, p16, p18, p20, p22, p24, p26, p28, p30, p32, p34, p36, p38, p40, p42]
+1117: p119 = getfield_gc(ConstPtr(ptr118), descr=<FieldP spyvm.model.W_AbstractPointersObject.inst__shadow 20>)
+1123: setfield_gc(p67, 1, descr=<FieldU spyvm.shadow.ContextPartShadow.inst__stack_ptr 32>)
+1142: setarrayitem_gc(p79, 1, ConstPtr(null), descr=<ArrayP 4>)
+1149: guard_value(p119, ConstPtr(ptr122), descr=<Guard0x2bccc10>) [p0, p67, i90, p108, p119, p3, p6, p8, p14, p16, p18, p20, p22, p24, p26, p28, p30, p32, p34, p36, p38, p40, p42]
+1161: i123 = getfield_gc(ConstPtr(ptr81), descr=<FieldU spyvm.interpreter.Interpreter.inst_trace 46>)
+1168: setarrayitem_gc(p79, 0, ConstPtr(null), descr=<ArrayP 4>)
+1175: setfield_gc(p67, 0, descr=<FieldU spyvm.shadow.ContextPartShadow.inst__stack_ptr 32>)
+1182: guard_false(i123, descr=<Guard0x2bccb90>) [p0, p67, p3, p6, p8, p14, p16, p18, p20, p22, p24, p26, p28, p30, p32, p34, p36, p38, p40, p42, i90, p108]
+1190: i127 = int_le(i88, 1)
guard_false(i127, descr=<Guard0x2bccb10>) [p0, p67, p3, p6, p8, p14, p16, p18, p20, p22, p24, p26, p28, p30, p32, p34, p36, p38, p40, p42, i90, p108]
+1203: i129 = int_sub(i88, 1)
debug_merge_point(2, 2, '0: [0x2]pushReceiverVariableBytecode (addLast:)')
+1212: p130 = getfield_gc(p108, descr=<FieldP spyvm.model.W_AbstractPointersObject.inst__shadow 20>)
+1215: setfield_gc(ConstPtr(ptr81), i129, descr=<FieldS spyvm.interpreter.Interpreter.inst_remaining_stack_depth 40>)
+1221: guard_isnull(p130, descr=<Guard0x2bcca90>) [p0, p67, p130, p108, p3, p6, p8, p14, p16, p18, p20, p22, p24, p26, p28, p30, p32, p34, p36, p38, p40, p42, i90, None]
+1229: p132 = getfield_gc(p108, descr=<FieldP spyvm.model.W_PointersObject.inst_fieldtypes 28>)
+1232: guard_value(p132, ConstPtr(ptr133), descr=<Guard0x2bcca10>) [p0, p67, p132, p108, p3, p6, p8, p14, p16, p18, p20, p22, p24, p26, p28, p30, p32, p34, p36, p38, p40, p42, i90, None]
+1244: p134 = getfield_gc(p108, descr=<FieldP spyvm.model.W_PointersObject.inst__vars 24>)
+1247: p136 = getarrayitem_gc(p134, 2, descr=<ArrayP 4>)
debug_merge_point(2, 2, '1: [0x0]pushReceiverVariableBytecode (addLast:)')
+1256: p138 = getarrayitem_gc(p134, 0, descr=<ArrayP 4>)
debug_merge_point(2, 2, '2: [0xc2]bytecodePrimSize (addLast:)')
+1259: p140 = getfield_gc(ConstPtr(ptr139), descr=<FieldP spyvm.model.W_AbstractPointersObject.inst__shadow 20>)
+1265: guard_value(p140, ConstPtr(ptr141), descr=<Guard0x2bcc990>) [p0, p67, p140, p3, p6, p8, p14, p16, p18, p20, p22, p24, p26, p28, p30, p32, p34, p36, p38, p40, p42, p136, p138, i90, p108]
+1277: guard_class(p138, 6040288, descr=<Guard0x2bcc910>) [p0, p67, i90, p138, p3, p6, p8, p14, p16, p18, p20, p22, p24, p26, p28, p30, p32, p34, p36, p38, p40, p42, p136, None, None, p108]
+1290: p143 = getfield_gc(p138, descr=<FieldP spyvm.model.W_AbstractObjectWithClassReference.inst_s_class 12>)
+1293: guard_value(p143, ConstPtr(ptr144), descr=<Guard0x2bcc890>) [p0, p67, p138, p143, p3, p6, p8, p14, p16, p18, p20, p22, p24, p26, p28, p30, p32, p34, p36, p38, p40, p42, p136, None, i90, p108]
+1305: p145 = getfield_gc(p138, descr=<FieldP spyvm.model.W_AbstractPointersObject.inst__shadow 20>)
+1308: guard_isnull(p145, descr=<Guard0x2bcc810>) [p0, p67, p138, p145, p3, p6, p8, p14, p16, p18, p20, p22, p24, p26, p28, p30, p32, p34, p36, p38, p40, p42, p136, None, i90, p108]
+1316: p146 = getfield_gc(p138, descr=<FieldP spyvm.model.W_PointersObject.inst__vars 24>)
+1319: i147 = arraylen_gc(p146, descr=<ArrayP 4>)
debug_merge_point(2, 2, '3: [0xb6]bytecodePrimEqual (addLast:)')
+1328: i148 = getfield_gc_pure(p136, descr=<FieldS spyvm.model.W_SmallInteger.inst_value 8>)
+1337: i149 = int_eq(i148, i147)
guard_false(i149, descr=<Guard0x2bcc790>) [p0, p67, p3, p6, p8, p14, p16, p18, p20, p22, p24, p26, p28, p30, p32, p34, p36, p38, p40, p42, i147, p136, None, i90, p108]
debug_merge_point(2, 2, '4: [0x9a]shortConditionalJump (addLast:)')
debug_merge_point(2, 2, '8: [0x2]pushReceiverVariableBytecode (addLast:)')
debug_merge_point(2, 2, '9: [0x76]pushConstantOneBytecode (addLast:)')
debug_merge_point(2, 2, '10: [0xb0]bytecodePrimAdd (addLast:)')
+1345: i151 = int_add_ovf(i148, 1)
guard_no_overflow(descr=<Guard0x2bcc710>) [p0, p67, i151, p3, p6, p8, p14, p16, p18, p20, p22, p24, p26, p28, p30, p32, p34, p36, p38, p40, p42, None, p136, None, i90, p108]
debug_merge_point(2, 2, '11: [0x62]storeAndPopReceiverVariableBytecode (addLast:)')
debug_merge_point(2, 2, '12: [0x0]pushReceiverVariableBytecode (addLast:)')
debug_merge_point(2, 2, '13: [0x2]pushReceiverVariableBytecode (addLast:)')
debug_merge_point(2, 2, '14: [0x10]pushTemporaryVariableBytecode (addLast:)')
debug_merge_point(2, 2, '15: [0xc1]bytecodePrimAtPut (addLast:)')
+1360: i153 = int_ge(i148, 0)
guard_true(i153, descr=<Guard0x2bcc690>) [p0, p67, p138, p8, i148, p3, p6, p14, p16, p18, p20, p22, p24, p26, p28, p30, p32, p34, p36, p38, p40, p42, p134, i151, None, None, None, i90, p108]
+1373: i154 = int_lt(i148, i147)
guard_true(i154, descr=<Guard0x2bcc610>) [p0, p67, p138, p8, i148, p3, p6, p14, p16, p18, p20, p22, p24, p26, p28, p30, p32, p34, p36, p38, p40, p42, p134, i151, None, None, None, i90, p108]
+1385: p155 = getfield_gc(p138, descr=<FieldP spyvm.model.W_PointersObject.inst_fieldtypes 28>)
+1388: guard_value(p155, ConstPtr(ptr156), descr=<Guard0x2bcc590>) [p0, p67, p138, p8, i148, p155, p3, p6, p14, p16, p18, p20, p22, p24, p26, p28, p30, p32, p34, p36, p38, p40, p42, p134, i151, None, None, None, i90, p108]
p158 = new_with_vtable(ConstClass(W_SmallInteger))
+1454: setfield_gc(p158, i151, descr=<FieldS spyvm.model.W_SmallInteger.inst_value 8>)
+1483: setarrayitem_gc(p134, 2, p158, descr=<ArrayP 4>)
+1525: setarrayitem_gc(p146, i148, p8, descr=<ArrayP 4>)
debug_merge_point(2, 2, '16: [0x87]popStackBytecode (addLast:)')
debug_merge_point(2, 2, '17: [0x10]pushTemporaryVariableBytecode (addLast:)')
debug_merge_point(2, 2, '18: [0x7c]returnTopFromMethod (addLast:)')
debug_merge_point(1, 1, '15: [0x7d]returnTopFromBlock (asOrderedCollection)')
debug_merge_point(0, 0, '33: [0x87]popStackBytecode (do:)')
debug_merge_point(0, 0, '34: [0x11]pushTemporaryVariableBytecode (do:)')
debug_merge_point(0, 0, '35: [0x2]pushReceiverVariableBytecode (do:)')
+1535: p161 = getarrayitem_gc(p53, 2, descr=<ArrayP 4>)
debug_merge_point(0, 0, '36: [0xb0]bytecodePrimAdd (do:)')
+1544: i162 = getfield_gc_pure(p161, descr=<FieldS spyvm.model.W_SmallInteger.inst_value 8>)
+1547: setarrayitem_gc(p79, 0, ConstPtr(null), descr=<ArrayP 4>)
+1560: setfield_gc(p67, -1, descr=<FieldS spyvm.shadow.ContextPartShadow.inst__pc 24>)
+1573: setfield_gc(p67, ConstPtr(null), descr=<FieldP spyvm.shadow.ContextPartShadow.inst__s_sender 28>)
+1580: setfield_gc(ConstPtr(ptr81), i84, descr=<FieldS spyvm.interpreter.Interpreter.inst_remaining_stack_depth 40>)
+1592: i167 = int_add_ovf(i59, i162)
guard_no_overflow(descr=<Guard0x2bcc510>) [p0, i167, p3, p6, p8, p161, p14, p16, p18, p20, p22, p24, p26, p28, p30, p32, p34, p36, p38, p40, p42]
debug_merge_point(0, 0, '37: [0x69]storeAndPopTemporaryVariableBytecode (do:)')
debug_merge_point(0, 0, '38: [0xa3]longUnconditionalJump (do:)')
+1606: i168 = getfield_gc(ConstPtr(ptr81), descr=<FieldS spyvm.interpreter.Interpreter.inst_interrupt_check_counter 24>)
+1612: i170 = int_sub(i168, 8)
+1615: setfield_gc(ConstPtr(ptr81), i170, descr=<FieldS spyvm.interpreter.Interpreter.inst_interrupt_check_counter 24>)
+1621: i172 = int_le(i170, 0)
guard_false(i172, descr=<Guard0x2bcc490>) [p0, p3, p6, p14, p16, p18, p20, p22, p24, p26, p28, p30, p32, p34, p36, p38, p40, p42, i167]
debug_merge_point(0, 0, '25: [0x1]pushReceiverVariableBytecode (do:)')
+1630: label(p0, p3, p6, i167, p14, p16, p18, p20, p22, p24, p26, p28, p30, p32, p34, p36, p38, p40, p42, p53, i75, p67, i103, p91, p105, p79, i88, i90, i129, i84, i170, descr=TargetToken(45798688))
debug_merge_point(0, 0, '25: [0x1]pushReceiverVariableBytecode (do:)')
+1630: guard_not_invalidated(descr=<Guard0x2bcc410>) [p0, p3, p6, p14, p16, p18, p20, p22, p24, p26, p28, p30, p32, p34, p36, p38, p40, p42, i167]
+1630: p173 = getarrayitem_gc(p53, 1, descr=<ArrayP 4>)
debug_merge_point(0, 0, '26: [0x11]pushTemporaryVariableBytecode (do:)')
debug_merge_point(0, 0, '27: [0xb5]bytecodePrimGreaterOrEqual (do:)')
+1639: i174 = getfield_gc_pure(p173, descr=<FieldS spyvm.model.W_SmallInteger.inst_value 8>)
+1642: i175 = int_ge(i174, i167)
guard_true(i175, descr=<Guard0x2bcc390>) [p0, p3, p6, p173, p14, p16, p18, p20, p22, p24, p26, p28, p30, p32, p34, p36, p38, p40, p42, i167]
debug_merge_point(0, 0, '28: [0xac]longJumpIfFalse (do:)')
debug_merge_point(0, 0, '30: [0x10]pushTemporaryVariableBytecode (do:)')
debug_merge_point(0, 0, '31: [0x11]pushTemporaryVariableBytecode (do:)')
debug_merge_point(0, 0, '32: [0xca]bytecodePrimValueWithArg (do:)')
+1650: cond_call(i75, 4712800, p67, descr=<Callv 0 r EF=2 OS=121>)
debug_merge_point(1, 1, '11: [0x69]storeAndPopTemporaryVariableBytecode (asOrderedCollection)')
+1695: cond_call(i103, 4712800, p91, descr=<Callv 0 r EF=2 OS=121>)
debug_merge_point(1, 1, '12: [0x10]pushTemporaryVariableBytecode (asOrderedCollection)')
+1743: cond_call(i103, 4712800, p91, descr=<Callv 0 r EF=2 OS=121>)
+1785: p176 = getarrayitem_gc(p105, 0, descr=<ArrayP 4>)
debug_merge_point(1, 1, '13: [0x11]pushTemporaryVariableBytecode (asOrderedCollection)')
+1800: cond_call(i103, 4712800, p91, descr=<Callv 0 r EF=2 OS=121>)
p178 = new_with_vtable(ConstClass(W_SmallInteger))
+1896: setfield_gc(p178, i167, descr=<FieldS spyvm.model.W_SmallInteger.inst_value 8>)
+1919: setarrayitem_gc(p105, 1, p178, descr=<ArrayP 4>)
debug_merge_point(1, 1, '14: [0xe1]sendLiteralSelectorBytecode (asOrderedCollection)')
+1942: setarrayitem_gc(p79, 0, p176, descr=<ArrayP 4>)
+1945: setfield_gc(p67, 2, descr=<FieldU spyvm.shadow.ContextPartShadow.inst__stack_ptr 32>)
+1958: setfield_gc(p67, 15, descr=<FieldS spyvm.shadow.ContextPartShadow.inst__pc 24>)
+1977: setfield_gc(p67, p0, descr=<FieldP spyvm.shadow.ContextPartShadow.inst__s_sender 28>)
+1986: setfield_gc(ConstPtr(ptr81), i88, descr=<FieldS spyvm.interpreter.Interpreter.inst_remaining_stack_depth 40>)
+2018: setarrayitem_gc(p79, 1, p178, descr=<ArrayP 4>)
+2021: guard_class(p176, 6040288, descr=<Guard0x2bcc310>) [p0, p67, i90, p176, p3, p6, p178, p14, p16, p18, p20, p22, p24, p26, p28, p30, p32, p34, p36, p38, p40, p42]
+2034: p179 = getfield_gc(p176, descr=<FieldP spyvm.model.W_AbstractObjectWithClassReference.inst_s_class 12>)
+2037: guard_value(p179, ConstPtr(ptr117), descr=<Guard0x2bcc290>) [p0, p67, p176, p179, p3, p6, p178, p14, p16, p18, p20, p22, p24, p26, p28, p30, p32, p34, p36, p38, p40, p42]
debug_merge_point(2, 2, '0: [0x2]pushReceiverVariableBytecode (addLast:)')
+2049: p180 = getfield_gc(p176, descr=<FieldP spyvm.model.W_AbstractPointersObject.inst__shadow 20>)
+2052: setarrayitem_gc(p79, 0, ConstPtr(null), descr=<ArrayP 4>)
+2059: setfield_gc(p67, 0, descr=<FieldU spyvm.shadow.ContextPartShadow.inst__stack_ptr 32>)
+2072: setfield_gc(ConstPtr(ptr81), i129, descr=<FieldS spyvm.interpreter.Interpreter.inst_remaining_stack_depth 40>)
+2084: setarrayitem_gc(p79, 1, ConstPtr(null), descr=<ArrayP 4>)
+2091: guard_isnull(p180, descr=<Guard0x2bcc210>) [p0, p67, p180, p176, p3, p6, p178, p14, p16, p18, p20, p22, p24, p26, p28, p30, p32, p34, p36, p38, p40, p42, i90]
+2099: p183 = getfield_gc(p176, descr=<FieldP spyvm.model.W_PointersObject.inst_fieldtypes 28>)
+2102: guard_value(p183, ConstPtr(ptr133), descr=<Guard0x2bcc190>) [p0, p67, p183, p176, p3, p6, p178, p14, p16, p18, p20, p22, p24, p26, p28, p30, p32, p34, p36, p38, p40, p42, i90]
+2114: p184 = getfield_gc(p176, descr=<FieldP spyvm.model.W_PointersObject.inst__vars 24>)
+2117: p185 = getarrayitem_gc(p184, 2, descr=<ArrayP 4>)
debug_merge_point(2, 2, '1: [0x0]pushReceiverVariableBytecode (addLast:)')
+2120: p186 = getarrayitem_gc(p184, 0, descr=<ArrayP 4>)
debug_merge_point(2, 2, '2: [0xc2]bytecodePrimSize (addLast:)')
+2129: guard_class(p186, 6040288, descr=<Guard0x2bcc110>) [p0, p67, i90, p186, p3, p6, p178, p14, p16, p18, p20, p22, p24, p26, p28, p30, p32, p34, p36, p38, p40, p42, p185, p176, None]
+2142: p187 = getfield_gc(p186, descr=<FieldP spyvm.model.W_AbstractObjectWithClassReference.inst_s_class 12>)
+2151: guard_value(p187, ConstPtr(ptr144), descr=<Guard0x2bcc090>) [p0, p67, p186, p187, p3, p6, p178, p14, p16, p18, p20, p22, p24, p26, p28, p30, p32, p34, p36, p38, p40, p42, p185, p176, i90]
+2163: p188 = getfield_gc(p186, descr=<FieldP spyvm.model.W_AbstractPointersObject.inst__shadow 20>)
+2166: guard_isnull(p188, descr=<Guard0x2bcc010>) [p0, p67, p186, p188, p3, p6, p178, p14, p16, p18, p20, p22, p24, p26, p28, p30, p32, p34, p36, p38, p40, p42, p185, p176, i90]
+2174: p189 = getfield_gc(p186, descr=<FieldP spyvm.model.W_PointersObject.inst__vars 24>)
+2177: i190 = arraylen_gc(p189, descr=<ArrayP 4>)
debug_merge_point(2, 2, '3: [0xb6]bytecodePrimEqual (addLast:)')
+2186: i191 = getfield_gc_pure(p185, descr=<FieldS spyvm.model.W_SmallInteger.inst_value 8>)
+2195: i192 = int_eq(i191, i190)
guard_false(i192, descr=<Guard0x2bc4f50>) [p0, p67, p3, p6, p178, p14, p16, p18, p20, p22, p24, p26, p28, p30, p32, p34, p36, p38, p40, p42, i190, p185, p176, i90]
debug_merge_point(2, 2, '4: [0x9a]shortConditionalJump (addLast:)')
debug_merge_point(2, 2, '8: [0x2]pushReceiverVariableBytecode (addLast:)')
debug_merge_point(2, 2, '9: [0x76]pushConstantOneBytecode (addLast:)')
debug_merge_point(2, 2, '10: [0xb0]bytecodePrimAdd (addLast:)')
+2203: i193 = int_add_ovf(i191, 1)
guard_no_overflow(descr=<Guard0x2bc4ed0>) [p0, p67, i193, p3, p6, p178, p14, p16, p18, p20, p22, p24, p26, p28, p30, p32, p34, p36, p38, p40, p42, None, p185, p176, i90]
debug_merge_point(2, 2, '11: [0x62]storeAndPopReceiverVariableBytecode (addLast:)')
debug_merge_point(2, 2, '12: [0x0]pushReceiverVariableBytecode (addLast:)')
debug_merge_point(2, 2, '13: [0x2]pushReceiverVariableBytecode (addLast:)')
debug_merge_point(2, 2, '14: [0x10]pushTemporaryVariableBytecode (addLast:)')
debug_merge_point(2, 2, '15: [0xc1]bytecodePrimAtPut (addLast:)')
+2218: i194 = int_ge(i191, 0)
guard_true(i194, descr=<Guard0x2bc4e50>) [p0, p67, p186, p178, i191, p3, p6, p14, p16, p18, p20, p22, p24, p26, p28, p30, p32, p34, p36, p38, p40, p42, p184, i193, None, None, p176, i90]
+2231: i195 = int_lt(i191, i190)
guard_true(i195, descr=<Guard0x2bc4dd0>) [p0, p67, p186, p178, i191, p3, p6, p14, p16, p18, p20, p22, p24, p26, p28, p30, p32, p34, p36, p38, p40, p42, p184, i193, None, None, p176, i90]
+2243: p196 = getfield_gc(p186, descr=<FieldP spyvm.model.W_PointersObject.inst_fieldtypes 28>)
+2246: guard_value(p196, ConstPtr(ptr156), descr=<Guard0x2bc4d50>) [p0, p67, p186, p178, i191, p196, p3, p6, p14, p16, p18, p20, p22, p24, p26, p28, p30, p32, p34, p36, p38, p40, p42, p184, i193, None, None, p176, i90]
p197 = new_with_vtable(ConstClass(W_SmallInteger))
+2280: setfield_gc(p197, i193, descr=<FieldS spyvm.model.W_SmallInteger.inst_value 8>)
+2303: setarrayitem_gc(p184, 2, p197, descr=<ArrayP 4>)
+2345: setarrayitem_gc(p189, i191, p178, descr=<ArrayP 4>)
debug_merge_point(2, 2, '16: [0x87]popStackBytecode (addLast:)')
debug_merge_point(2, 2, '17: [0x10]pushTemporaryVariableBytecode (addLast:)')
debug_merge_point(2, 2, '18: [0x7c]returnTopFromMethod (addLast:)')
debug_merge_point(1, 1, '15: [0x7d]returnTopFromBlock (asOrderedCollection)')
debug_merge_point(0, 0, '33: [0x87]popStackBytecode (do:)')
debug_merge_point(0, 0, '34: [0x11]pushTemporaryVariableBytecode (do:)')
debug_merge_point(0, 0, '35: [0x2]pushReceiverVariableBytecode (do:)')
+2355: p198 = getarrayitem_gc(p53, 2, descr=<ArrayP 4>)
debug_merge_point(0, 0, '36: [0xb0]bytecodePrimAdd (do:)')
+2364: i199 = getfield_gc_pure(p198, descr=<FieldS spyvm.model.W_SmallInteger.inst_value 8>)
+2367: setarrayitem_gc(p79, 0, ConstPtr(null), descr=<ArrayP 4>)
+2380: setfield_gc(p67, -1, descr=<FieldS spyvm.shadow.ContextPartShadow.inst__pc 24>)
+2393: setfield_gc(p67, ConstPtr(null), descr=<FieldP spyvm.shadow.ContextPartShadow.inst__s_sender 28>)
+2400: setfield_gc(ConstPtr(ptr81), i84, descr=<FieldS spyvm.interpreter.Interpreter.inst_remaining_stack_depth 40>)
+2412: i200 = int_add_ovf(i167, i199)
guard_no_overflow(descr=<Guard0x2bc4cd0>) [p0, i200, p3, p6, p178, p198, p14, p16, p18, p20, p22, p24, p26, p28, p30, p32, p34, p36, p38, p40, p42]
debug_merge_point(0, 0, '37: [0x69]storeAndPopTemporaryVariableBytecode (do:)')
debug_merge_point(0, 0, '38: [0xa3]longUnconditionalJump (do:)')
+2426: i201 = int_sub(i170, 8)
+2435: setfield_gc(ConstPtr(ptr81), i201, descr=<FieldS spyvm.interpreter.Interpreter.inst_interrupt_check_counter 24>)
+2441: i202 = int_le(i201, 0)
guard_false(i202, descr=<Guard0x2bc4c50>) [p0, p3, p6, p14, p16, p18, p20, p22, p24, p26, p28, p30, p32, p34, p36, p38, p40, p42, i200]
debug_merge_point(0, 0, '25: [0x1]pushReceiverVariableBytecode (do:)')
+2450: i203 = arraylen_gc(p53, descr=<ArrayP 4>)
+2450: i204 = arraylen_gc(p79, descr=<ArrayP 4>)
+2450: i205 = arraylen_gc(p105, descr=<ArrayP 4>)
+2450: jump(p0, p3, p6, i200, p14, p16, p18, p20, p22, p24, p26, p28, p30, p32, p34, p36, p38, p40, p42, p53, i75, p67, i103, p91, p105, p79, i88, i90, i129, i84, i201, descr=TargetToken(45798688))
+2471: --end of the loop--
[370216daa] jit-log-opt-loop}
[370272991] {jit-log-opt-bridge
# bridge out of Guard 0x2bc4c50 with 83 ops
[p0, p1, p2, p3, p4, p5, p6, p7, p8, p9, p10, p11, p12, p13, p14, p15, p16, p17, i18]
+29: f20 = call(ConstClass(ll_time.ll_time_time), descr=<Callf 8 EF=4>)
+76: setfield_gc(ConstPtr(ptr21), 10000, descr=<FieldS spyvm.interpreter.Interpreter.inst_interrupt_check_counter 24>)
+86: guard_no_exception(descr=<Guard0x2bcd9d0>) [p0, f20, p1, p2, p3, p4, p5, p6, p7, p8, p9, p10, p11, p12, p13, p14, p15, p16, p17, i18]
+99: f24 = float_sub(f20, 1394728435.924000)
+107: f26 = float_mul(f24, 1000.000000)
+115: i27 = cast_float_to_int(f26)
+119: i29 = int_and(i27, 2147483647)
+125: i30 = getfield_gc(ConstPtr(ptr21), descr=<FieldS spyvm.interpreter.Interpreter.inst_next_wakeup_tick 36>)
+131: i31 = int_is_zero(i30)
guard_true(i31, descr=<Guard0x2b97a90>) [p0, i29, p1, p2, p3, p4, p5, p6, p7, p8, p9, p10, p11, p12, p13, p14, p15, p16, p17, i18]
debug_merge_point(0, 0, '25: [0x1]pushReceiverVariableBytecode (do:)')
+140: guard_nonnull_class(p0, ConstClass(MethodContextShadow), descr=<Guard0x2b97a50>) [p0, p1, p2, p3, p4, p5, p6, p7, p8, p9, p10, p11, p12, p13, p14, p15, p16, p17, i18]
+164: guard_nonnull_class(p2, 6040288, descr=<Guard0x2b97a10>) [p0, p1, p2, p3, p4, p5, p6, p7, p8, p9, p10, p11, p12, p13, p14, p15, p16, p17, i18]
+188: p34 = getfield_gc(p0, descr=<FieldP spyvm.shadow.MethodContextShadow.inst__w_method 44>)
+191: guard_value(p34, ConstPtr(ptr35), descr=<Guard0x2b979d0>) [p0, p1, p2, p3, p4, p5, p6, p7, p8, p9, p10, p11, p12, p13, p14, p15, p16, p17, i18]
+203: p36 = getfield_gc(p0, descr=<FieldP spyvm.shadow.MethodContextShadow.inst__w_receiver 48>)
+206: guard_nonnull_class(p36, 6040288, descr=<Guard0x2b97990>) [p0, p1, p2, p3, p4, p5, p6, p7, p8, p9, p10, p11, p12, p13, p14, p15, p16, p17, i18]
+224: p38 = getfield_gc(p36, descr=<FieldP spyvm.model.W_AbstractPointersObject.inst__shadow 20>)
+227: guard_value(p38, ConstPtr(null), descr=<Guard0x2b97950>) [p0, p1, p2, p3, p4, p5, p6, p7, p8, p9, p10, p11, p12, p13, p14, p15, p16, p17, i18]
+236: p40 = getfield_gc(p36, descr=<FieldP spyvm.model.W_PointersObject.inst_fieldtypes 28>)
+239: guard_value(p40, ConstPtr(ptr41), descr=<Guard0x2b97910>) [p0, p1, p2, p3, p4, p5, p6, p7, p8, p9, p10, p11, p12, p13, p14, p15, p16, p17, i18]
+251: p42 = getfield_gc(p36, descr=<FieldP spyvm.model.W_PointersObject.inst__vars 24>)
+254: guard_nonnull(p42, descr=<Guard0x2b978d0>) [p0, p1, p2, p3, p4, p5, p6, p7, p8, p9, p10, p11, p12, p13, p14, p15, p16, p17, i18]
+262: i43 = arraylen_gc(p42, descr=<ArrayP 4>)
+265: i45 = int_ge(i43, 3)
guard_true(i45, descr=<Guard0x2b97890>) [p0, p1, p2, p3, p4, p5, p6, p7, p8, p9, p10, p11, p12, p13, p14, p15, p16, p17, i18]
+274: p46 = getfield_gc(p2, descr=<FieldP spyvm.model.W_AbstractObjectWithClassReference.inst_s_class 12>)
+277: guard_nonnull(p46, descr=<Guard0x2b97850>) [p0, p1, p2, p3, p4, p5, p6, p7, p8, p9, p10, p11, p12, p13, p14, p15, p16, p17, i18]
+285: p47 = getfield_gc(p46, descr=<FieldP spyvm.shadow.AbstractShadow.inst__w_self 8>)
+288: guard_nonnull_class(p47, 6040288, descr=<Guard0x2b977d0>) [p0, p1, p2, p3, p4, p5, p6, p7, p8, p9, p10, p11, p12, p13, p14, p15, p16, p17, i18]
+306: i50 = instance_ptr_eq(p47, ConstPtr(ptr49))
guard_true(i50, descr=<Guard0x2b97790>) [p0, p1, p2, p3, p4, p5, p6, p7, p8, p9, p10, p11, p12, p13, p14, p15, p16, p17, i18]
+318: p51 = getfield_gc(p2, descr=<FieldP spyvm.model.W_AbstractPointersObject.inst__shadow 20>)
+321: guard_nonnull_class(p51, ConstClass(BlockContextShadow), descr=<Guard0x2b97750>) [p0, p1, p2, p3, p4, p5, p6, p7, p8, p9, p10, p11, p12, p13, p14, p15, p16, p17, i18]
+339: i53 = getfield_gc(p51, descr=<FieldS spyvm.shadow.BlockContextShadow.inst__eargc 44>)
+342: guard_value(i53, 1, descr=<Guard0x2b97710>) [p0, p1, p2, p3, p4, p5, p6, p7, p8, p9, p10, p11, p12, p13, p14, p15, p16, p17, i18]
+351: i55 = ptr_eq(p51, p0)
guard_false(i55, descr=<Guard0x2b976d0>) [p0, p1, p2, p3, p4, p5, p6, p7, p8, p9, p10, p11, p12, p13, p14, p15, p16, p17, i18]
+359: p56 = getfield_gc(p51, descr=<FieldP spyvm.shadow.ContextPartShadow.vable_token 20>)
+362: i58 = ptr_ne(p56, ConstPtr(null))
+377: i59 = getfield_gc(p51, descr=<FieldU spyvm.shadow.ContextPartShadow.inst__stack_ptr 32>)
+380: guard_value(i59, 0, descr=<Guard0x2bcdf90>) [p0, p1, p2, p3, p4, p5, p6, p7, p8, p9, p10, p11, p12, p13, p14, p15, p16, p17, i18]
+389: p61 = getfield_gc(p51, descr=<FieldP spyvm.shadow.ContextPartShadow.inst__temps_and_stack 36>)
+392: guard_nonnull(p61, descr=<Guard0x2bcdf50>) [p0, p1, p2, p3, p4, p5, p6, p7, p8, p9, p10, p11, p12, p13, p14, p15, p16, p17, i18]
+400: i62 = arraylen_gc(p61, descr=<ArrayP 4>)
+409: i64 = int_ge(i62, 2)
guard_true(i64, descr=<Guard0x2bcdf10>) [p0, p1, p2, p3, p4, p5, p6, p7, p8, p9, p10, p11, p12, p13, p14, p15, p16, p17, i18]
+418: i65 = getfield_gc(p51, descr=<FieldS spyvm.shadow.BlockContextShadow.inst__initialip 48>)
+421: guard_value(i65, 11, descr=<Guard0x2bcded0>) [p0, p1, p2, p3, p4, p5, p6, p7, p8, p9, p10, p11, p12, p13, p14, p15, p16, p17, i18]
+430: i67 = getfield_gc(p51, descr=<FieldS spyvm.shadow.ContextPartShadow.inst__pc 24>)
+433: guard_value(i67, -1, descr=<Guard0x2bcde90>) [p0, p1, p2, p3, p4, p5, p6, p7, p8, p9, p10, p11, p12, p13, p14, p15, p16, p17, i18]
+442: i69 = getfield_gc(ConstPtr(ptr21), descr=<FieldU spyvm.interpreter.Interpreter.inst__loop 44>)
+449: guard_value(i69, 1, descr=<Guard0x2bcde50>) [p0, p1, p2, p3, p4, p5, p6, p7, p8, p9, p10, p11, p12, p13, p14, p15, p16, p17, i18]
+458: i71 = getfield_gc(ConstPtr(ptr21), descr=<FieldS spyvm.interpreter.Interpreter.inst_remaining_stack_depth 40>)
+464: i73 = int_ge(i71, 3)
guard_true(i73, descr=<Guard0x2bcde10>) [p0, p1, p2, p3, p4, p5, p6, p7, p8, p9, p10, p11, p12, p13, p14, p15, p16, p17, i18]
+473: i75 = int_sub(i71, 1)
+482: p76 = getfield_gc(p51, descr=<FieldP spyvm.shadow.BlockContextShadow.inst__w_home 52>)
+491: guard_nonnull(p76, descr=<Guard0x2bcddd0>) [p0, p1, p2, p3, p4, p5, p6, p7, p8, p9, p10, p11, p12, p13, p14, p15, p16, p17, i18]
+499: p77 = getfield_gc(p76, descr=<FieldP spyvm.model.W_AbstractPointersObject.inst__shadow 20>)
+502: guard_nonnull_class(p77, ConstClass(MethodContextShadow), descr=<Guard0x2bcdd90>) [p0, p1, p2, p3, p4, p5, p6, p7, p8, p9, p10, p11, p12, p13, p14, p15, p16, p17, i18]
+520: p79 = getfield_gc(p77, descr=<FieldP spyvm.shadow.MethodContextShadow.inst__w_method 44>)
+523: guard_value(p79, ConstPtr(ptr80), descr=<Guard0x2bcdd50>) [p0, p1, p2, p3, p4, p5, p6, p7, p8, p9, p10, p11, p12, p13, p14, p15, p16, p17, i18]
+535: p82 = getarrayitem_gc(p61, 0, descr=<ArrayP 4>)
+538: guard_value(p82, ConstPtr(null), descr=<Guard0x2bcdd10>) [p0, p1, p2, p3, p4, p5, p6, p7, p8, p9, p10, p11, p12, p13, p14, p15, p16, p17, i18]
+547: i84 = ptr_eq(p77, p0)
guard_false(i84, descr=<Guard0x2bcdcd0>) [p0, p1, p2, p3, p4, p5, p6, p7, p8, p9, p10, p11, p12, p13, p14, p15, p16, p17, i18]
+559: p85 = getfield_gc(p77, descr=<FieldP spyvm.shadow.ContextPartShadow.vable_token 20>)
+562: i86 = ptr_ne(p85, ConstPtr(null))
+577: p87 = getfield_gc(p77, descr=<FieldP spyvm.shadow.ContextPartShadow.inst__temps_and_stack 36>)
+586: guard_nonnull(p87, descr=<Guard0x2bcdc90>) [p0, p1, p2, p3, p4, p5, p6, p7, p8, p9, p10, p11, p12, p13, p14, p15, p16, p17, i18]
+594: i88 = arraylen_gc(p87, descr=<ArrayP 4>)
+603: i90 = int_ge(i88, 2)
guard_true(i90, descr=<Guard0x2bcdc50>) [p0, p1, p2, p3, p4, p5, p6, p7, p8, p9, p10, p11, p12, p13, p14, p15, p16, p17, i18]
+612: i91 = getfield_gc(p51, descr=<FieldU spyvm.shadow.AbstractShadow.inst_space 12>)
+615: p93 = getfield_gc(ConstPtr(ptr92), descr=<FieldP spyvm.model.W_AbstractPointersObject.inst__shadow 20>)
+627: guard_value(p93, ConstPtr(ptr94), descr=<Guard0x2bcdc10>) [p0, p1, p2, p3, p4, p5, p6, p7, p8, p9, p10, p11, p12, p13, p14, p15, p16, p17, i18]
+639: i95 = getfield_gc(ConstPtr(ptr21), descr=<FieldU spyvm.interpreter.Interpreter.inst_trace 46>)
+646: guard_value(i95, 0, descr=<Guard0x2bcdbd0>) [p0, p1, p2, p3, p4, p5, p6, p7, p8, p9, p10, p11, p12, p13, p14, p15, p16, p17, i18]
+655: i98 = int_sub(i75, 1)
+664: p100 = getfield_gc(ConstPtr(ptr99), descr=<FieldP spyvm.model.W_AbstractPointersObject.inst__shadow 20>)
+676: guard_value(p100, ConstPtr(ptr101), descr=<Guard0x2bcdb50>) [p0, p1, p2, p3, p4, p5, p6, p7, p8, p9, p10, p11, p12, p13, p14, p15, p16, p17, i18]
+688: jump(p0, p1, p2, i18, p3, p4, p5, p6, p7, p8, p9, p10, p11, p12, p13, p14, p15, p16, p17, p42, i58, p51, i86, p77, p87, p61, i75, i91, i98, i71, 10000, descr=TargetToken(45798688))
+786: --end of the loop--
[370272d54] jit-log-opt-bridge}
[37045a650] {jit-log-opt-loop
# Loop 1 (25: [0x12]pushTemporaryVariableBytecode (makeRoomAtLast)) : loop with 181 ops
[p0]
+61: i1 = getfield_gc(p0, descr=<FieldS spyvm.shadow.ContextPartShadow.inst__pc 24>)
+70: i2 = getfield_gc(p0, descr=<FieldU spyvm.shadow.ContextPartShadow.inst__stack_ptr 32>)
+73: p3 = getfield_gc(p0, descr=<FieldP spyvm.shadow.ContextPartShadow.inst__s_sender 28>)
+76: p4 = getfield_gc(p0, descr=<FieldP spyvm.shadow.ContextPartShadow.inst__temps_and_stack 36>)
+79: p6 = getarrayitem_gc(p4, 0, descr=<ArrayP 4>)
+82: p8 = getarrayitem_gc(p4, 1, descr=<ArrayP 4>)
+85: p10 = getarrayitem_gc(p4, 2, descr=<ArrayP 4>)
+94: p12 = getarrayitem_gc(p4, 3, descr=<ArrayP 4>)
+103: p14 = getarrayitem_gc(p4, 4, descr=<ArrayP 4>)
+112: p16 = getarrayitem_gc(p4, 5, descr=<ArrayP 4>)
+121: p18 = getarrayitem_gc(p4, 6, descr=<ArrayP 4>)
+130: p20 = getarrayitem_gc(p4, 7, descr=<ArrayP 4>)
+139: p22 = getarrayitem_gc(p4, 8, descr=<ArrayP 4>)
+148: p24 = getarrayitem_gc(p4, 9, descr=<ArrayP 4>)
+157: p26 = getarrayitem_gc(p4, 10, descr=<ArrayP 4>)
+166: p28 = getarrayitem_gc(p4, 11, descr=<ArrayP 4>)
+175: p30 = getarrayitem_gc(p4, 12, descr=<ArrayP 4>)
+184: p32 = getarrayitem_gc(p4, 13, descr=<ArrayP 4>)
+193: p34 = getarrayitem_gc(p4, 14, descr=<ArrayP 4>)
+202: p36 = getarrayitem_gc(p4, 15, descr=<ArrayP 4>)
+211: p38 = getarrayitem_gc(p4, 16, descr=<ArrayP 4>)
+220: p40 = getarrayitem_gc(p4, 17, descr=<ArrayP 4>)
+229: p42 = getarrayitem_gc(p4, 18, descr=<ArrayP 4>)
+238: label(p0, i1, i2, p3, p6, p8, p10, p12, p14, p16, p18, p20, p22, p24, p26, p28, p30, p32, p34, p36, p38, p40, p42, descr=TargetToken(45798544))
debug_merge_point(0, 0, '25: [0x12]pushTemporaryVariableBytecode (makeRoomAtLast)')
+256: guard_value(i1, 25, descr=<Guard0x2bc4010>) [p0, i1, i2, p3, p6, p8, p10, p12, p14, p16, p18, p20, p22, p24, p26, p28, p30, p32, p34, p36, p38, p40, p42]
+265: guard_class(p0, ConstClass(MethodContextShadow), descr=<Guard0xe1f3490>) [p0, i2, p3, p6, p8, p10, p12, p14, p16, p18, p20, p22, p24, p26, p28, p30, p32, p34, p36, p38, p40, p42]
+284: p45 = getfield_gc(p0, descr=<FieldP spyvm.shadow.MethodContextShadow.inst__w_method 44>)
+287: guard_value(p45, ConstPtr(ptr46), descr=<Guard0xe1f3410>) [p0, p45, i2, p3, p6, p8, p10, p12, p14, p16, p18, p20, p22, p24, p26, p28, p30, p32, p34, p36, p38, p40, p42]
+299: guard_not_invalidated(descr=<Guard0xe1f3390>) [p0, i2, p3, p6, p8, p10, p12, p14, p16, p18, p20, p22, p24, p26, p28, p30, p32, p34, p36, p38, p40, p42]
+299: guard_value(i2, 3, descr=<Guard0xe1f3310>) [p0, i2, p10, p3, p6, p8, p12, p14, p16, p18, p20, p22, p24, p26, p28, p30, p32, p34, p36, p38, p40, p42]
debug_merge_point(0, 0, '26: [0x10]pushTemporaryVariableBytecode (makeRoomAtLast)')
debug_merge_point(0, 0, '27: [0xb4]bytecodePrimLessOrEqual (makeRoomAtLast)')
+308: guard_nonnull_class(p10, ConstClass(W_SmallInteger), descr=<Guard0xe1f3290>) [p0, p10, p3, p6, p8, p16, p18, p20, p22, p24, p26, p28, p30, p32, p34, p36, p38, p40, p42]
+332: i49 = getfield_gc_pure(p10, descr=<FieldS spyvm.model.W_SmallInteger.inst_value 8>)
+335: guard_nonnull_class(p6, ConstClass(W_SmallInteger), descr=<Guard0xe1f3210>) [p0, i49, p6, p3, p8, p10, p16, p18, p20, p22, p24, p26, p28, p30, p32, p34, p36, p38, p40, p42]
+359: i51 = getfield_gc_pure(p6, descr=<FieldS spyvm.model.W_SmallInteger.inst_value 8>)
+362: i52 = int_le(i49, i51)
guard_true(i52, descr=<Guard0xe1f3190>) [p0, p3, p6, p8, p10, p16, p18, p20, p22, p24, p26, p28, p30, p32, p34, p36, p38, p40, p42]
debug_merge_point(0, 0, '28: [0xac]longJumpIfFalse (makeRoomAtLast)')
debug_merge_point(0, 0, '30: [0x0]pushReceiverVariableBytecode (makeRoomAtLast)')
+370: p53 = getfield_gc(p0, descr=<FieldP spyvm.shadow.MethodContextShadow.inst__w_receiver 48>)
+373: i54 = getfield_gc(p0, descr=<FieldU spyvm.shadow.AbstractShadow.inst_space 12>)
+376: guard_class(p53, 6040288, descr=<Guard0xe1f3110>) [p0, i54, p53, p3, p6, p8, p10, p16, p18, p20, p22, p24, p26, p28, p30, p32, p34, p36, p38, p40, p42]
+389: p56 = getfield_gc(p53, descr=<FieldP spyvm.model.W_AbstractPointersObject.inst__shadow 20>)
+398: guard_isnull(p56, descr=<Guard0xe1f3090>) [p0, p56, p53, p3, p6, p8, p10, p16, p18, p20, p22, p24, p26, p28, p30, p32, p34, p36, p38, p40, p42]
+406: p57 = getfield_gc(p53, descr=<FieldP spyvm.model.W_PointersObject.inst_fieldtypes 28>)
+409: guard_value(p57, ConstPtr(ptr58), descr=<Guard0xe1f3010>) [p0, p57, p53, p3, p6, p8, p10, p16, p18, p20, p22, p24, p26, p28, p30, p32, p34, p36, p38, p40, p42]
+421: p59 = getfield_gc(p53, descr=<FieldP spyvm.model.W_PointersObject.inst__vars 24>)
+424: p61 = getarrayitem_gc(p59, 0, descr=<ArrayP 4>)
debug_merge_point(0, 0, '31: [0x12]pushTemporaryVariableBytecode (makeRoomAtLast)')
debug_merge_point(0, 0, '32: [0x0]pushReceiverVariableBytecode (makeRoomAtLast)')
debug_merge_point(0, 0, '33: [0x12]pushTemporaryVariableBytecode (makeRoomAtLast)')
debug_merge_point(0, 0, '34: [0x11]pushTemporaryVariableBytecode (makeRoomAtLast)')
debug_merge_point(0, 0, '35: [0xb0]bytecodePrimAdd (makeRoomAtLast)')
+427: guard_nonnull_class(p8, ConstClass(W_SmallInteger), descr=<Guard0xe1f2f50>) [p0, i49, p8, p3, p6, p10, p61, p22, p24, p26, p28, p30, p32, p34, p36, p38, p40, p42]
+457: i63 = getfield_gc_pure(p8, descr=<FieldS spyvm.model.W_SmallInteger.inst_value 8>)
+460: i64 = int_add_ovf(i49, i63)
guard_no_overflow(descr=<Guard0xe1f2ed0>) [p0, i64, p3, p6, p8, p10, p61, p22, p24, p26, p28, p30, p32, p34, p36, p38, p40, p42]
debug_merge_point(0, 0, '36: [0xc0]bytecodePrimAt (makeRoomAtLast)')
+474: p66 = getfield_gc(ConstPtr(ptr65), descr=<FieldP spyvm.model.W_AbstractPointersObject.inst__shadow 20>)
+486: guard_value(p66, ConstPtr(ptr67), descr=<Guard0xe1f2e50>) [p0, p66, p3, p6, p8, p10, p61, p22, p24, p26, p28, p30, p32, p34, p36, p38, p40, p42, i64]
+498: guard_class(p61, 6040288, descr=<Guard0xe1f2dd0>) [p0, i54, p61, p3, p6, p8, p10, p22, p24, p26, p28, p30, p32, p34, p36, p38, p40, p42, i64]
+511: p69 = getfield_gc(p61, descr=<FieldP spyvm.model.W_AbstractObjectWithClassReference.inst_s_class 12>)
+514: guard_value(p69, ConstPtr(ptr70), descr=<Guard0xe1f2d50>) [p0, p61, p69, p3, p6, p8, p10, p22, p24, p26, p28, p30, p32, p34, p36, p38, p40, p42, i64]
+526: i72 = getfield_gc(ConstPtr(ptr71), descr=<FieldU spyvm.interpreter.Interpreter.inst_trace 46>)
+533: guard_false(i72, descr=<Guard0xe1f2cd0>) [p0, p61, p3, p6, p8, p10, p22, p24, p26, p28, p30, p32, p34, p36, p38, p40, p42, i64]
+541: i74 = int_sub(i64, 1)
+544: i76 = int_ge(i74, 0)
guard_true(i76, descr=<Guard0xe1f2c50>) [p0, p61, i74, p3, p6, p8, p10, p22, p24, p26, p28, p30, p32, p34, p36, p38, p40, p42, i64]
+553: p77 = getfield_gc(p61, descr=<FieldP spyvm.model.W_AbstractPointersObject.inst__shadow 20>)
+562: guard_isnull(p77, descr=<Guard0xe1f2bd0>) [p0, p61, i74, p77, p3, p6, p8, p10, p22, p24, p26, p28, p30, p32, p34, p36, p38, p40, p42, i64]
+570: p78 = getfield_gc(p61, descr=<FieldP spyvm.model.W_PointersObject.inst__vars 24>)
+573: i79 = arraylen_gc(p78, descr=<ArrayP 4>)
+576: i80 = int_lt(i74, i79)
guard_true(i80, descr=<Guard0xe1f2b50>) [p0, p61, i74, p3, p6, p8, p10, p22, p24, p26, p28, p30, p32, p34, p36, p38, p40, p42, i64]
+584: p81 = getfield_gc(p61, descr=<FieldP spyvm.model.W_PointersObject.inst_fieldtypes 28>)
+587: guard_value(p81, ConstPtr(ptr82), descr=<Guard0xe1f2ad0>) [p0, p61, i74, p81, p3, p6, p8, p10, p22, p24, p26, p28, p30, p32, p34, p36, p38, p40, p42, i64]
+599: p83 = getarrayitem_gc(p78, i74, descr=<ArrayP 4>)
debug_merge_point(0, 0, '37: [0xc1]bytecodePrimAtPut (makeRoomAtLast)')
+603: i85 = int_sub(i49, 1)
+618: i87 = int_ge(i85, 0)
guard_true(i87, descr=<Guard0xe1f2a50>) [p0, p61, p83, i85, p3, p6, p8, p10, p22, p24, p26, p28, p30, p32, p34, p36, p38, p40, p42, None]
+627: i89 = int_lt(i85, i79)
guard_true(i89, descr=<Guard0xe1f29d0>) [p0, p61, p83, i85, p3, p6, p8, p10, p22, p24, p26, p28, p30, p32, p34, p36, p38, p40, p42, None]
+662: setarrayitem_gc(p78, i85, p83, descr=<ArrayP 4>)
debug_merge_point(0, 0, '38: [0x87]popStackBytecode (makeRoomAtLast)')
debug_merge_point(0, 0, '39: [0x0]pushReceiverVariableBytecode (makeRoomAtLast)')
+666: p91 = getarrayitem_gc(p59, 0, descr=<ArrayP 4>)
debug_merge_point(0, 0, '40: [0x12]pushTemporaryVariableBytecode (makeRoomAtLast)')
debug_merge_point(0, 0, '41: [0x11]pushTemporaryVariableBytecode (makeRoomAtLast)')
debug_merge_point(0, 0, '42: [0xb0]bytecodePrimAdd (makeRoomAtLast)')
debug_merge_point(0, 0, '43: [0x73]pushConstantNilBytecode (makeRoomAtLast)')
debug_merge_point(0, 0, '44: [0xc1]bytecodePrimAtPut (makeRoomAtLast)')
+675: guard_class(p91, 6040288, descr=<Guard0xe1f2950>) [p0, i54, p91, p3, p6, p8, p10, p22, p24, p26, p28, p30, p32, p34, p36, p38, p40, p42, i64]
+688: p93 = getfield_gc(p91, descr=<FieldP spyvm.model.W_AbstractObjectWithClassReference.inst_s_class 12>)
+691: guard_value(p93, ConstPtr(ptr94), descr=<Guard0xe1f28d0>) [p0, p91, p93, p3, p6, p8, p10, p22, p24, p26, p28, p30, p32, p34, p36, p38, p40, p42, i64]
+703: p95 = getfield_gc(p91, descr=<FieldP spyvm.model.W_AbstractPointersObject.inst__shadow 20>)
+706: guard_isnull(p95, descr=<Guard0xe1f2850>) [p0, p91, i74, p95, p3, p6, p8, p10, p22, p24, p26, p28, p30, p32, p34, p36, p38, p40, p42, i64]
+714: p96 = getfield_gc(p91, descr=<FieldP spyvm.model.W_PointersObject.inst__vars 24>)
+717: i97 = arraylen_gc(p96, descr=<ArrayP 4>)
+720: i98 = int_lt(i74, i97)
guard_true(i98, descr=<Guard0xe1f27d0>) [p0, p91, i74, p3, p6, p8, p10, p22, p24, p26, p28, p30, p32, p34, p36, p38, p40, p42, i64]
+732: p99 = getfield_gc(p91, descr=<FieldP spyvm.model.W_PointersObject.inst_fieldtypes 28>)
+735: guard_value(p99, ConstPtr(ptr100), descr=<Guard0xe1f2750>) [p0, p91, i74, p99, p3, p6, p8, p10, p22, p24, p26, p28, p30, p32, p34, p36, p38, p40, p42, i64]
+780: setarrayitem_gc(p96, i74, ConstPtr(ptr101), descr=<ArrayP 4>)
debug_merge_point(0, 0, '45: [0x87]popStackBytecode (makeRoomAtLast)')
debug_merge_point(0, 0, '46: [0x12]pushTemporaryVariableBytecode (makeRoomAtLast)')
debug_merge_point(0, 0, '47: [0x76]pushConstantOneBytecode (makeRoomAtLast)')
debug_merge_point(0, 0, '48: [0xb0]bytecodePrimAdd (makeRoomAtLast)')
+788: i103 = int_add_ovf(i49, 1)
guard_no_overflow(descr=<Guard0xe1f26d0>) [p0, i103, p3, p6, p8, p10, p22, p24, p26, p28, p30, p32, p34, p36, p38, p40, p42, None]
debug_merge_point(0, 0, '49: [0x6a]storeAndPopTemporaryVariableBytecode (makeRoomAtLast)')
debug_merge_point(0, 0, '50: [0xa3]longUnconditionalJump (makeRoomAtLast)')
+803: i104 = getfield_gc(ConstPtr(ptr71), descr=<FieldS spyvm.interpreter.Interpreter.inst_interrupt_check_counter 24>)
+809: i106 = int_sub(i104, 3)
+812: setfield_gc(ConstPtr(ptr71), i106, descr=<FieldS spyvm.interpreter.Interpreter.inst_interrupt_check_counter 24>)
+818: i108 = int_le(i106, 0)
guard_false(i108, descr=<Guard0xe1f2650>) [p0, p3, p6, p8, p22, p24, p26, p28, p30, p32, p34, p36, p38, p40, p42, i103, None]
debug_merge_point(0, 0, '25: [0x12]pushTemporaryVariableBytecode (makeRoomAtLast)')
+827: label(p0, p3, p6, p8, i103, p22, p24, p26, p28, p30, p32, p34, p36, p38, p40, p42, i51, p59, i63, i54, i106, descr=TargetToken(45798592))
debug_merge_point(0, 0, '25: [0x12]pushTemporaryVariableBytecode (makeRoomAtLast)')
+827: guard_not_invalidated(descr=<Guard0xe1f25d0>) [p0, p3, p6, p8, p22, p24, p26, p28, p30, p32, p34, p36, p38, p40, p42, i103]
debug_merge_point(0, 0, '26: [0x10]pushTemporaryVariableBytecode (makeRoomAtLast)')
debug_merge_point(0, 0, '27: [0xb4]bytecodePrimLessOrEqual (makeRoomAtLast)')
+827: i109 = int_le(i103, i51)
guard_true(i109, descr=<Guard0xe1f2550>) [p0, p3, p6, p8, p22, p24, p26, p28, p30, p32, p34, p36, p38, p40, p42, i103]
debug_merge_point(0, 0, '28: [0xac]longJumpIfFalse (makeRoomAtLast)')
debug_merge_point(0, 0, '30: [0x0]pushReceiverVariableBytecode (makeRoomAtLast)')
+839: p110 = getarrayitem_gc(p59, 0, descr=<ArrayP 4>)
debug_merge_point(0, 0, '31: [0x12]pushTemporaryVariableBytecode (makeRoomAtLast)')
debug_merge_point(0, 0, '32: [0x0]pushReceiverVariableBytecode (makeRoomAtLast)')
debug_merge_point(0, 0, '33: [0x12]pushTemporaryVariableBytecode (makeRoomAtLast)')
debug_merge_point(0, 0, '34: [0x11]pushTemporaryVariableBytecode (makeRoomAtLast)')
debug_merge_point(0, 0, '35: [0xb0]bytecodePrimAdd (makeRoomAtLast)')
+842: i111 = int_add_ovf(i103, i63)
guard_no_overflow(descr=<Guard0xe1f24d0>) [p0, i111, p3, p6, p8, p110, p22, p24, p26, p28, p30, p32, p34, p36, p38, p40, p42, i103]
debug_merge_point(0, 0, '36: [0xc0]bytecodePrimAt (makeRoomAtLast)')
+856: guard_class(p110, 6040288, descr=<Guard0xe1f2450>) [p0, i54, p110, p3, p6, p8, p22, p24, p26, p28, p30, p32, p34, p36, p38, p40, p42, i111, i103]
+869: p112 = getfield_gc(p110, descr=<FieldP spyvm.model.W_AbstractObjectWithClassReference.inst_s_class 12>)
+872: guard_value(p112, ConstPtr(ptr70), descr=<Guard0xe1f23d0>) [p0, p110, p112, p3, p6, p8, p22, p24, p26, p28, p30, p32, p34, p36, p38, p40, p42, i111, i103]
+884: i113 = int_sub(i111, 1)
+887: i114 = int_ge(i113, 0)
guard_true(i114, descr=<Guard0xe1f2350>) [p0, p110, i113, p3, p6, p8, p22, p24, p26, p28, p30, p32, p34, p36, p38, p40, p42, i111, i103]
+896: p115 = getfield_gc(p110, descr=<FieldP spyvm.model.W_AbstractPointersObject.inst__shadow 20>)
+905: guard_isnull(p115, descr=<Guard0xe1f22d0>) [p0, p110, i113, p115, p3, p6, p8, p22, p24, p26, p28, p30, p32, p34, p36, p38, p40, p42, i111, i103]
+913: p116 = getfield_gc(p110, descr=<FieldP spyvm.model.W_PointersObject.inst__vars 24>)
+916: i117 = arraylen_gc(p116, descr=<ArrayP 4>)
+925: i118 = int_lt(i113, i117)
guard_true(i118, descr=<Guard0xe1f2250>) [p0, p110, i113, p3, p6, p8, p22, p24, p26, p28, p30, p32, p34, p36, p38, p40, p42, i111, i103]
+933: p119 = getfield_gc(p110, descr=<FieldP spyvm.model.W_PointersObject.inst_fieldtypes 28>)
+942: guard_value(p119, ConstPtr(ptr82), descr=<Guard0xe1f21d0>) [p0, p110, i113, p119, p3, p6, p8, p22, p24, p26, p28, p30, p32, p34, p36, p38, p40, p42, i111, i103]
+954: p120 = getarrayitem_gc(p116, i113, descr=<ArrayP 4>)
debug_merge_point(0, 0, '37: [0xc1]bytecodePrimAtPut (makeRoomAtLast)')
+958: i121 = int_sub(i103, 1)
+967: i122 = int_lt(i121, i117)
guard_true(i122, descr=<Guard0xe1f2150>) [p0, p110, p120, i121, p3, p6, p8, p22, p24, p26, p28, p30, p32, p34, p36, p38, p40, p42, None, i103]
+1002: setarrayitem_gc(p116, i121, p120, descr=<ArrayP 4>)
debug_merge_point(0, 0, '38: [0x87]popStackBytecode (makeRoomAtLast)')
debug_merge_point(0, 0, '39: [0x0]pushReceiverVariableBytecode (makeRoomAtLast)')
debug_merge_point(0, 0, '40: [0x12]pushTemporaryVariableBytecode (makeRoomAtLast)')
debug_merge_point(0, 0, '41: [0x11]pushTemporaryVariableBytecode (makeRoomAtLast)')
debug_merge_point(0, 0, '42: [0xb0]bytecodePrimAdd (makeRoomAtLast)')
debug_merge_point(0, 0, '43: [0x73]pushConstantNilBytecode (makeRoomAtLast)')
debug_merge_point(0, 0, '44: [0xc1]bytecodePrimAtPut (makeRoomAtLast)')
+1033: setarrayitem_gc(p116, i113, ConstPtr(ptr101), descr=<ArrayP 4>)
debug_merge_point(0, 0, '45: [0x87]popStackBytecode (makeRoomAtLast)')
debug_merge_point(0, 0, '46: [0x12]pushTemporaryVariableBytecode (makeRoomAtLast)')
debug_merge_point(0, 0, '47: [0x76]pushConstantOneBytecode (makeRoomAtLast)')
debug_merge_point(0, 0, '48: [0xb0]bytecodePrimAdd (makeRoomAtLast)')
+1041: i123 = int_add_ovf(i103, 1)
guard_no_overflow(descr=<Guard0xe1f20d0>) [p0, i123, p3, p6, p8, p22, p24, p26, p28, p30, p32, p34, p36, p38, p40, p42, None, i103]
debug_merge_point(0, 0, '49: [0x6a]storeAndPopTemporaryVariableBytecode (makeRoomAtLast)')
debug_merge_point(0, 0, '50: [0xa3]longUnconditionalJump (makeRoomAtLast)')
+1056: i124 = int_sub(i106, 3)
+1065: setfield_gc(ConstPtr(ptr71), i124, descr=<FieldS spyvm.interpreter.Interpreter.inst_interrupt_check_counter 24>)
+1071: i125 = int_le(i124, 0)
guard_false(i125, descr=<Guard0xe1f2050>) [p0, p3, p6, p8, p22, p24, p26, p28, p30, p32, p34, p36, p38, p40, p42, i123, None, None]
debug_merge_point(0, 0, '25: [0x12]pushTemporaryVariableBytecode (makeRoomAtLast)')
+1080: i126 = arraylen_gc(p59, descr=<ArrayP 4>)
+1080: jump(p0, p3, p6, p8, i123, p22, p24, p26, p28, p30, p32, p34, p36, p38, p40, p42, i51, p59, i63, i54, i124, descr=TargetToken(45798592))
+1095: --end of the loop--
[37045ab5c] jit-log-opt-loop}
[37046e4b4] {jit-log-opt-bridge
# bridge out of Guard 0xe1f2050 with 101 ops
[p0, p1, p2, p3, p4, p5, p6, p7, p8, p9, p10, p11, p12, p13, p14, i15]
+29: f17 = call(ConstClass(ll_time.ll_time_time), descr=<Callf 8 EF=4>)
+76: setfield_gc(ConstPtr(ptr18), 10000, descr=<FieldS spyvm.interpreter.Interpreter.inst_interrupt_check_counter 24>)
+86: guard_no_exception(descr=<Guard0xe1f3550>) [p0, f17, p1, p2, p3, p4, p5, p6, p7, p8, p9, p10, p11, p12, p13, p14, i15]
+99: f21 = float_sub(f17, 1394728435.924000)
+107: f23 = float_mul(f21, 1000.000000)
+115: i24 = cast_float_to_int(f23)
+119: i26 = int_and(i24, 2147483647)
+125: i27 = getfield_gc(ConstPtr(ptr18), descr=<FieldS spyvm.interpreter.Interpreter.inst_next_wakeup_tick 36>)
+131: i28 = int_is_zero(i27)
guard_true(i28, descr=<Guard0xe201f10>) [p0, i26, p1, p2, p3, p4, p5, p6, p7, p8, p9, p10, p11, p12, p13, p14, i15]
debug_merge_point(0, 0, '25: [0x12]pushTemporaryVariableBytecode (makeRoomAtLast)')
+140: label(p0, p1, p2, p3, i15, p4, p5, p6, p7, p8, p9, p10, p11, p12, p13, p14, descr=TargetToken(43338480))
+140: guard_class(p0, ConstClass(MethodContextShadow), descr=<Guard0xe201e90>) [p0, p1, p2, p3, p4, p5, p6, p7, p8, p9, p10, p11, p12, p13, p14, i15]
+159: p30 = getfield_gc(p0, descr=<FieldP spyvm.shadow.MethodContextShadow.inst__w_method 44>)
+162: guard_value(p30, ConstPtr(ptr31), descr=<Guard0xe201e10>) [p0, p30, p1, p2, p3, p4, p5, p6, p7, p8, p9, p10, p11, p12, p13, p14, i15]
+174: guard_not_invalidated(descr=<Guard0xe201d90>) [p0, p1, p2, p3, p4, p5, p6, p7, p8, p9, p10, p11, p12, p13, p14, i15]
debug_merge_point(0, 0, '26: [0x10]pushTemporaryVariableBytecode (makeRoomAtLast)')
debug_merge_point(0, 0, '27: [0xb4]bytecodePrimLessOrEqual (makeRoomAtLast)')
+174: guard_nonnull_class(p2, ConstClass(W_SmallInteger), descr=<Guard0xe201d10>) [p0, i15, p2, p1, p3, p4, p5, p6, p7, p8, p9, p10, p11, p12, p13, p14, None]
+198: i34 = getfield_gc_pure(p2, descr=<FieldS spyvm.model.W_SmallInteger.inst_value 8>)
+201: i35 = int_le(i15, i34)
guard_true(i35, descr=<Guard0xe201c90>) [p0, p1, p2, p3, p4, p5, p6, p7, p8, p9, p10, p11, p12, p13, p14, i15]
debug_merge_point(0, 0, '28: [0xac]longJumpIfFalse (makeRoomAtLast)')
debug_merge_point(0, 0, '30: [0x0]pushReceiverVariableBytecode (makeRoomAtLast)')
+209: p36 = getfield_gc(p0, descr=<FieldP spyvm.shadow.MethodContextShadow.inst__w_receiver 48>)
+212: i37 = getfield_gc(p0, descr=<FieldU spyvm.shadow.AbstractShadow.inst_space 12>)
+215: guard_class(p36, 6040288, descr=<Guard0xe201c10>) [p0, i37, p36, p1, p2, p3, p4, p5, p6, p7, p8, p9, p10, p11, p12, p13, p14, i15]
+228: p39 = getfield_gc(p36, descr=<FieldP spyvm.model.W_AbstractPointersObject.inst__shadow 20>)
+231: guard_isnull(p39, descr=<Guard0xe201b90>) [p0, p39, p36, p1, p2, p3, p4, p5, p6, p7, p8, p9, p10, p11, p12, p13, p14, i15]
+239: p40 = getfield_gc(p36, descr=<FieldP spyvm.model.W_PointersObject.inst_fieldtypes 28>)
+242: guard_value(p40, ConstPtr(ptr41), descr=<Guard0xe201b10>) [p0, p40, p36, p1, p2, p3, p4, p5, p6, p7, p8, p9, p10, p11, p12, p13, p14, i15]
+254: p42 = getfield_gc(p36, descr=<FieldP spyvm.model.W_PointersObject.inst__vars 24>)
+257: p44 = getarrayitem_gc(p42, 0, descr=<ArrayP 4>)
debug_merge_point(0, 0, '31: [0x12]pushTemporaryVariableBytecode (makeRoomAtLast)')
debug_merge_point(0, 0, '32: [0x0]pushReceiverVariableBytecode (makeRoomAtLast)')
debug_merge_point(0, 0, '33: [0x12]pushTemporaryVariableBytecode (makeRoomAtLast)')
debug_merge_point(0, 0, '34: [0x11]pushTemporaryVariableBytecode (makeRoomAtLast)')
debug_merge_point(0, 0, '35: [0xb0]bytecodePrimAdd (makeRoomAtLast)')
+260: guard_nonnull_class(p3, ConstClass(W_SmallInteger), descr=<Guard0xe201a90>) [p0, i15, p3, p1, p2, p44, p4, p5, p6, p7, p8, p9, p10, p11, p12, p13, p14, None]
+290: i46 = getfield_gc_pure(p3, descr=<FieldS spyvm.model.W_SmallInteger.inst_value 8>)
+293: i47 = int_add_ovf(i15, i46)
guard_no_overflow(descr=<Guard0xe201a10>) [p0, i47, p1, p2, p3, p44, p4, p5, p6, p7, p8, p9, p10, p11, p12, p13, p14, i15]
debug_merge_point(0, 0, '36: [0xc0]bytecodePrimAt (makeRoomAtLast)')
+307: p49 = getfield_gc(ConstPtr(ptr48), descr=<FieldP spyvm.model.W_AbstractPointersObject.inst__shadow 20>)
+319: guard_value(p49, ConstPtr(ptr50), descr=<Guard0xe201990>) [p0, p49, p1, p2, p3, p44, p4, p5, p6, p7, p8, p9, p10, p11, p12, p13, p14, i47, i15]
+331: guard_class(p44, 6040288, descr=<Guard0xe201910>) [p0, i37, p44, p1, p2, p3, p4, p5, p6, p7, p8, p9, p10, p11, p12, p13, p14, i47, i15]
+344: p52 = getfield_gc(p44, descr=<FieldP spyvm.model.W_AbstractObjectWithClassReference.inst_s_class 12>)
+347: guard_value(p52, ConstPtr(ptr53), descr=<Guard0xe201890>) [p0, p44, p52, p1, p2, p3, p4, p5, p6, p7, p8, p9, p10, p11, p12, p13, p14, i47, i15]
+359: i54 = getfield_gc(ConstPtr(ptr18), descr=<FieldU spyvm.interpreter.Interpreter.inst_trace 46>)
+366: guard_false(i54, descr=<Guard0xe201810>) [p0, p44, p1, p2, p3, p4, p5, p6, p7, p8, p9, p10, p11, p12, p13, p14, i47, i15]
+374: i56 = int_sub(i47, 1)
+377: i58 = int_ge(i56, 0)
guard_true(i58, descr=<Guard0xe201790>) [p0, p44, i56, p1, p2, p3, p4, p5, p6, p7, p8, p9, p10, p11, p12, p13, p14, i47, i15]
+386: p59 = getfield_gc(p44, descr=<FieldP spyvm.model.W_AbstractPointersObject.inst__shadow 20>)
+395: guard_isnull(p59, descr=<Guard0xe201710>) [p0, p44, i56, p59, p1, p2, p3, p4, p5, p6, p7, p8, p9, p10, p11, p12, p13, p14, i47, i15]
+403: p60 = getfield_gc(p44, descr=<FieldP spyvm.model.W_PointersObject.inst__vars 24>)
+406: i61 = arraylen_gc(p60, descr=<ArrayP 4>)
+415: i62 = int_lt(i56, i61)
guard_true(i62, descr=<Guard0xe201690>) [p0, p44, i56, p1, p2, p3, p4, p5, p6, p7, p8, p9, p10, p11, p12, p13, p14, i47, i15]
+423: p63 = getfield_gc(p44, descr=<FieldP spyvm.model.W_PointersObject.inst_fieldtypes 28>)
+426: guard_value(p63, ConstPtr(ptr64), descr=<Guard0xe201610>) [p0, p44, i56, p63, p1, p2, p3, p4, p5, p6, p7, p8, p9, p10, p11, p12, p13, p14, i47, i15]
+438: p65 = getarrayitem_gc(p60, i56, descr=<ArrayP 4>)
debug_merge_point(0, 0, '37: [0xc1]bytecodePrimAtPut (makeRoomAtLast)')
+442: i67 = int_sub(i15, 1)
+457: i69 = int_ge(i67, 0)
guard_true(i69, descr=<Guard0xe201590>) [p0, p44, p65, i67, p1, p2, p3, p4, p5, p6, p7, p8, p9, p10, p11, p12, p13, p14, None, i15]
+466: i70 = int_lt(i67, i61)
guard_true(i70, descr=<Guard0xe201510>) [p0, p44, p65, i67, p1, p2, p3, p4, p5, p6, p7, p8, p9, p10, p11, p12, p13, p14, None, i15]
+501: setarrayitem_gc(p60, i67, p65, descr=<ArrayP 4>)
debug_merge_point(0, 0, '38: [0x87]popStackBytecode (makeRoomAtLast)')
debug_merge_point(0, 0, '39: [0x0]pushReceiverVariableBytecode (makeRoomAtLast)')
+505: p72 = getarrayitem_gc(p42, 0, descr=<ArrayP 4>)
debug_merge_point(0, 0, '40: [0x12]pushTemporaryVariableBytecode (makeRoomAtLast)')
debug_merge_point(0, 0, '41: [0x11]pushTemporaryVariableBytecode (makeRoomAtLast)')
debug_merge_point(0, 0, '42: [0xb0]bytecodePrimAdd (makeRoomAtLast)')
debug_merge_point(0, 0, '43: [0x73]pushConstantNilBytecode (makeRoomAtLast)')
debug_merge_point(0, 0, '44: [0xc1]bytecodePrimAtPut (makeRoomAtLast)')
+514: guard_class(p72, 6040288, descr=<Guard0xe201490>) [p0, i37, p72, p1, p2, p3, p4, p5, p6, p7, p8, p9, p10, p11, p12, p13, p14, i47, i15]
+527: p74 = getfield_gc(p72, descr=<FieldP spyvm.model.W_AbstractObjectWithClassReference.inst_s_class 12>)
+530: guard_value(p74, ConstPtr(ptr75), descr=<Guard0xe201410>) [p0, p72, p74, p1, p2, p3, p4, p5, p6, p7, p8, p9, p10, p11, p12, p13, p14, i47, i15]
+542: p76 = getfield_gc(p72, descr=<FieldP spyvm.model.W_AbstractPointersObject.inst__shadow 20>)
+545: guard_isnull(p76, descr=<Guard0xe201390>) [p0, p72, i56, p76, p1, p2, p3, p4, p5, p6, p7, p8, p9, p10, p11, p12, p13, p14, i47, i15]
+553: p77 = getfield_gc(p72, descr=<FieldP spyvm.model.W_PointersObject.inst__vars 24>)
+556: i78 = arraylen_gc(p77, descr=<ArrayP 4>)
+559: i79 = int_lt(i56, i78)
guard_true(i79, descr=<Guard0xe201310>) [p0, p72, i56, p1, p2, p3, p4, p5, p6, p7, p8, p9, p10, p11, p12, p13, p14, i47, i15]
+571: p80 = getfield_gc(p72, descr=<FieldP spyvm.model.W_PointersObject.inst_fieldtypes 28>)
+574: guard_value(p80, ConstPtr(ptr81), descr=<Guard0xe201290>) [p0, p72, i56, p80, p1, p2, p3, p4, p5, p6, p7, p8, p9, p10, p11, p12, p13, p14, i47, i15]
+619: setarrayitem_gc(p77, i56, ConstPtr(ptr82), descr=<ArrayP 4>)
debug_merge_point(0, 0, '45: [0x87]popStackBytecode (makeRoomAtLast)')
debug_merge_point(0, 0, '46: [0x12]pushTemporaryVariableBytecode (makeRoomAtLast)')
debug_merge_point(0, 0, '47: [0x76]pushConstantOneBytecode (makeRoomAtLast)')
debug_merge_point(0, 0, '48: [0xb0]bytecodePrimAdd (makeRoomAtLast)')
+627: i84 = int_add_ovf(i15, 1)
guard_no_overflow(descr=<Guard0xe201210>) [p0, i84, p1, p2, p3, p4, p5, p6, p7, p8, p9, p10, p11, p12, p13, p14, None, i15]
debug_merge_point(0, 0, '49: [0x6a]storeAndPopTemporaryVariableBytecode (makeRoomAtLast)')
debug_merge_point(0, 0, '50: [0xa3]longUnconditionalJump (makeRoomAtLast)')
debug_merge_point(0, 0, '25: [0x12]pushTemporaryVariableBytecode (makeRoomAtLast)')
+642: setfield_gc(ConstPtr(ptr18), 9997, descr=<FieldS spyvm.interpreter.Interpreter.inst_interrupt_check_counter 24>)
+652: i86 = arraylen_gc(p42, descr=<ArrayP 4>)
+652: jump(p0, p1, p2, p3, i84, p4, p5, p6, p7, p8, p9, p10, p11, p12, p13, p14, i34, p42, i46, i37, 9997, descr=TargetToken(45798592))
+666: --end of the loop--
[37046e8c5] jit-log-opt-bridge}
[37057494d] {jit-log-opt-loop
# Loop 2 (14: [0x10]pushTemporaryVariableBytecode (codeTest1394728435)) : loop with 225 ops
[p0]
+61: i1 = getfield_gc(p0, descr=<FieldS spyvm.shadow.ContextPartShadow.inst__pc 24>)
+70: i2 = getfield_gc(p0, descr=<FieldU spyvm.shadow.ContextPartShadow.inst__stack_ptr 32>)
+73: p3 = getfield_gc(p0, descr=<FieldP spyvm.shadow.ContextPartShadow.inst__s_sender 28>)
+76: p4 = getfield_gc(p0, descr=<FieldP spyvm.shadow.ContextPartShadow.inst__temps_and_stack 36>)
+79: p6 = getarrayitem_gc(p4, 0, descr=<ArrayP 4>)
+82: p8 = getarrayitem_gc(p4, 1, descr=<ArrayP 4>)
+91: p10 = getarrayitem_gc(p4, 2, descr=<ArrayP 4>)
+94: p12 = getarrayitem_gc(p4, 3, descr=<ArrayP 4>)
+103: p14 = getarrayitem_gc(p4, 4, descr=<ArrayP 4>)
+112: p16 = getarrayitem_gc(p4, 5, descr=<ArrayP 4>)
+121: p18 = getarrayitem_gc(p4, 6, descr=<ArrayP 4>)
+130: p20 = getarrayitem_gc(p4, 7, descr=<ArrayP 4>)
+139: p22 = getarrayitem_gc(p4, 8, descr=<ArrayP 4>)
+148: p24 = getarrayitem_gc(p4, 9, descr=<ArrayP 4>)
+157: p26 = getarrayitem_gc(p4, 10, descr=<ArrayP 4>)
+166: p28 = getarrayitem_gc(p4, 11, descr=<ArrayP 4>)
+175: p30 = getarrayitem_gc(p4, 12, descr=<ArrayP 4>)
+184: p32 = getarrayitem_gc(p4, 13, descr=<ArrayP 4>)
+193: label(p0, i1, i2, p3, p6, p8, p10, p12, p14, p16, p18, p20, p22, p24, p26, p28, p30, p32, descr=TargetToken(45260128))
debug_merge_point(0, 0, '14: [0x10]pushTemporaryVariableBytecode (codeTest1394728435)')
+211: guard_value(i1, 14, descr=<Guard0x116d3790>) [p0, i1, i2, p3, p6, p8, p10, p12, p14, p16, p18, p20, p22, p24, p26, p28, p30, p32]
+220: guard_class(p0, ConstClass(BlockContextShadow), descr=<Guard0x116dab50>) [p0, i2, p3, p6, p8, p10, p12, p14, p16, p18, p20, p22, p24, p26, p28, p30, p32]
+239: p35 = getfield_gc(p0, descr=<FieldP spyvm.shadow.BlockContextShadow.inst__w_home 52>)
+242: i36 = getfield_gc(p0, descr=<FieldU spyvm.shadow.AbstractShadow.inst_space 12>)
+245: p37 = getfield_gc(p35, descr=<FieldP spyvm.model.W_AbstractPointersObject.inst__shadow 20>)
+248: guard_nonnull_class(p37, ConstClass(MethodContextShadow), descr=<Guard0x116dab10>) [p0, i36, p35, p37, i2, p3, p6, p8, p10, p12, p14, p16, p18, p20, p22, p24, p26, p28, p30, p32]
+266: p39 = getfield_gc(p37, descr=<FieldP spyvm.shadow.MethodContextShadow.inst__w_method 44>)
+269: guard_value(p39, ConstPtr(ptr40), descr=<Guard0x116daad0>) [p0, p39, i2, p3, p6, p8, p10, p12, p14, p16, p18, p20, p22, p24, p26, p28, p30, p32]
+281: guard_not_invalidated(descr=<Guard0x116daa90>) [p0, i2, p3, p6, p8, p10, p12, p14, p16, p18, p20, p22, p24, p26, p28, p30, p32]
+281: i41 = ptr_eq(p37, p0)
guard_false(i41, descr=<Guard0x116daa50>) [p0, p37, i2, p3, p6, p8, p10, p12, p14, p16, p18, p20, p22, p24, p26, p28, p30, p32]
+289: p42 = getfield_gc(p37, descr=<FieldP spyvm.shadow.ContextPartShadow.vable_token 20>)
+292: i44 = ptr_ne(p42, ConstPtr(null))
+307: cond_call(i44, 4712800, p37, descr=<Callv 0 r EF=2 OS=121>)
+337: p46 = getfield_gc(p37, descr=<FieldP spyvm.shadow.ContextPartShadow.inst__temps_and_stack 36>)
+340: p48 = getarrayitem_gc(p46, 0, descr=<ArrayP 4>)
+343: guard_value(i2, 0, descr=<Guard0x116daa10>) [p0, i2, p48, p3, p6, p8, p10, p12, p14, p16, p18, p20, p22, p24, p26, p28, p30, p32]
debug_merge_point(0, 0, '15: [0x11]pushTemporaryVariableBytecode (codeTest1394728435)')
+352: cond_call(i44, 4712800, p37, descr=<Callv 0 r EF=2 OS=121>)
+385: p52 = getarrayitem_gc(p46, 1, descr=<ArrayP 4>)
debug_merge_point(0, 0, '16: [0xc0]bytecodePrimAt (codeTest1394728435)')
+388: p54 = getfield_gc(ConstPtr(ptr53), descr=<FieldP spyvm.model.W_AbstractPointersObject.inst__shadow 20>)
+400: guard_value(p54, ConstPtr(ptr55), descr=<Guard0x116da9d0>) [p0, p54, p3, p48, p52, p10, p12, p14, p16, p18, p20, p22, p24, p26, p28, p30, p32]
+412: guard_class(p48, 6040288, descr=<Guard0x116da990>) [p0, i36, p48, p3, p52, p10, p12, p14, p16, p18, p20, p22, p24, p26, p28, p30, p32]
+425: p57 = getfield_gc(p48, descr=<FieldP spyvm.model.W_AbstractObjectWithClassReference.inst_s_class 12>)
+428: guard_value(p57, ConstPtr(ptr58), descr=<Guard0x116da950>) [p0, p48, p57, p3, p52, p10, p12, p14, p16, p18, p20, p22, p24, p26, p28, p30, p32]
+440: p60 = getfield_gc(ConstPtr(ptr59), descr=<FieldP spyvm.model.W_AbstractPointersObject.inst__shadow 20>)
+446: guard_value(p60, ConstPtr(ptr61), descr=<Guard0x116da910>) [p0, i36, p48, p60, p3, p10, p12, p14, p16, p18, p20, p22, p24, p26, p28, p30, p32, p52]
+458: i63 = getfield_gc(ConstPtr(ptr62), descr=<FieldU spyvm.interpreter.Interpreter.inst_trace 46>)
+465: guard_false(i63, descr=<Guard0x116da8d0>) [p0, p3, p10, p12, p14, p16, p18, p20, p22, p24, p26, p28, p30, p32, i36, p48, p52]
+473: i64 = getfield_gc(ConstPtr(ptr62), descr=<FieldU spyvm.interpreter.Interpreter.inst__loop 44>)
+480: guard_true(i64, descr=<Guard0x116da890>) [p0, p3, p10, p12, p14, p16, p18, p20, p22, p24, p26, p28, p30, p32, i36, p48, p52]
+488: i65 = getfield_gc(ConstPtr(ptr62), descr=<FieldS spyvm.interpreter.Interpreter.inst_remaining_stack_depth 40>)
+494: i67 = int_le(i65, 1)
guard_false(i67, descr=<Guard0x116da850>) [p0, p3, p10, p12, p14, p16, p18, p20, p22, p24, p26, p28, p30, p32, i36, p48, p52]
+503: i69 = int_sub(i65, 1)
debug_merge_point(1, 1, '0: [0x10]pushTemporaryVariableBytecode (at:)')
debug_merge_point(1, 1, '1: [0x76]pushConstantOneBytecode (at:)')
debug_merge_point(1, 1, '2: [0xb2]bytecodePrimLessThan (at:)')
+512: setfield_gc(ConstPtr(ptr62), i69, descr=<FieldS spyvm.interpreter.Interpreter.inst_remaining_stack_depth 40>)
+518: guard_nonnull_class(p52, ConstClass(W_SmallInteger), descr=<Guard0x116da810>) [p0, p52, p3, p10, p12, p14, p16, p18, p20, p22, p24, p26, p28, p30, p32, i36, p48, None]
+536: i72 = getfield_gc_pure(p52, descr=<FieldS spyvm.model.W_SmallInteger.inst_value 8>)
+545: i74 = int_lt(i72, 1)
guard_false(i74, descr=<Guard0x116da7d0>) [p0, p3, p10, p12, p14, p16, p18, p20, p22, p24, p26, p28, p30, p32, i36, p48, p52]
debug_merge_point(1, 1, '3: [0x99]shortConditionalJump (at:)')
debug_merge_point(1, 1, '6: [0x10]pushTemporaryVariableBytecode (at:)')
debug_merge_point(1, 1, '7: [0x1]pushReceiverVariableBytecode (at:)')
+554: p75 = getfield_gc(p48, descr=<FieldP spyvm.model.W_AbstractPointersObject.inst__shadow 20>)
+563: guard_isnull(p75, descr=<Guard0x116da790>) [p0, p75, p48, p3, p10, p12, p14, p16, p18, p20, p22, p24, p26, p28, p30, p32, i36, None, p52]
+571: p76 = getfield_gc(p48, descr=<FieldP spyvm.model.W_PointersObject.inst_fieldtypes 28>)
+574: guard_value(p76, ConstPtr(ptr77), descr=<Guard0x116da750>) [p0, p76, p48, p3, p10, p12, p14, p16, p18, p20, p22, p24, p26, p28, p30, p32, i36, None, p52]
+586: p78 = getfield_gc(p48, descr=<FieldP spyvm.model.W_PointersObject.inst__vars 24>)
+589: p80 = getarrayitem_gc(p78, 1, descr=<ArrayP 4>)
debug_merge_point(1, 1, '8: [0xb0]bytecodePrimAdd (at:)')
+598: i81 = getfield_gc_pure(p80, descr=<FieldS spyvm.model.W_SmallInteger.inst_value 8>)
+607: i82 = int_add_ovf(i72, i81)
guard_no_overflow(descr=<Guard0x116da710>) [p0, i82, p3, p10, p12, p14, p16, p18, p20, p22, p24, p26, p28, p30, p32, p80, i36, p48, p52]
debug_merge_point(1, 1, '9: [0x76]pushConstantOneBytecode (at:)')
debug_merge_point(1, 1, '10: [0xb1]bytecodePrimSubtract (at:)')
+621: i84 = int_sub(i82, 1)
debug_merge_point(1, 1, '11: [0x2]pushReceiverVariableBytecode (at:)')
+624: p86 = getarrayitem_gc(p78, 2, descr=<ArrayP 4>)
debug_merge_point(1, 1, '12: [0xb3]bytecodePrimGreaterThan (at:)')
+627: i87 = getfield_gc_pure(p86, descr=<FieldS spyvm.model.W_SmallInteger.inst_value 8>)
+630: i88 = int_gt(i84, i87)
guard_false(i88, descr=<Guard0x116da6d0>) [p0, p3, p10, p12, p14, p16, p18, p20, p22, p24, p26, p28, p30, p32, p86, i84, None, i36, p48, p52]
debug_merge_point(1, 1, '13: [0x9a]shortConditionalJump (at:)')
debug_merge_point(1, 1, '17: [0x0]pushReceiverVariableBytecode (at:)')
+638: p90 = getarrayitem_gc(p78, 0, descr=<ArrayP 4>)
debug_merge_point(1, 1, '18: [0x10]pushTemporaryVariableBytecode (at:)')
debug_merge_point(1, 1, '19: [0x1]pushReceiverVariableBytecode (at:)')
debug_merge_point(1, 1, '20: [0xb0]bytecodePrimAdd (at:)')
debug_merge_point(1, 1, '21: [0x76]pushConstantOneBytecode (at:)')
debug_merge_point(1, 1, '22: [0xb1]bytecodePrimSubtract (at:)')
debug_merge_point(1, 1, '23: [0xc0]bytecodePrimAt (at:)')
+647: guard_class(p90, 6040288, descr=<Guard0x116da690>) [p0, i36, p90, p3, p10, p12, p14, p16, p18, p20, p22, p24, p26, p28, p30, p32, None, i84, None, None, p48, p52]
+660: p92 = getfield_gc(p90, descr=<FieldP spyvm.model.W_AbstractObjectWithClassReference.inst_s_class 12>)
+669: guard_value(p92, ConstPtr(ptr93), descr=<Guard0x116da650>) [p0, p90, p92, p3, p10, p12, p14, p16, p18, p20, p22, p24, p26, p28, p30, p32, None, i84, None, i36, p48, p52]
+681: i95 = int_sub(i84, 1)
+684: i97 = int_ge(i95, 0)
guard_true(i97, descr=<Guard0x116da610>) [p0, p90, i95, p3, p10, p12, p14, p16, p18, p20, p22, p24, p26, p28, p30, p32, None, i84, None, i36, p48, p52]
+693: p98 = getfield_gc(p90, descr=<FieldP spyvm.model.W_AbstractPointersObject.inst__shadow 20>)
+708: guard_isnull(p98, descr=<Guard0x116da5d0>) [p0, p90, i95, p98, p3, p10, p12, p14, p16, p18, p20, p22, p24, p26, p28, p30, p32, None, i84, None, i36, p48, p52]
+716: p99 = getfield_gc(p90, descr=<FieldP spyvm.model.W_PointersObject.inst__vars 24>)
+725: i100 = arraylen_gc(p99, descr=<ArrayP 4>)
+734: i101 = int_lt(i95, i100)
guard_true(i101, descr=<Guard0x116da590>) [p0, p90, i95, p3, p10, p12, p14, p16, p18, p20, p22, p24, p26, p28, p30, p32, None, i84, None, i36, p48, p52]
+742: p102 = getfield_gc(p90, descr=<FieldP spyvm.model.W_PointersObject.inst_fieldtypes 28>)
+757: guard_value(p102, ConstPtr(ptr103), descr=<Guard0x116da550>) [p0, p90, i95, p102, p3, p10, p12, p14, p16, p18, p20, p22, p24, p26, p28, p30, p32, None, i84, None, i36, p48, p52]
+769: p104 = getarrayitem_gc(p99, i95, descr=<ArrayP 4>)
debug_merge_point(1, 1, '24: [0x7c]returnTopFromMethod (at:)')
debug_merge_point(0, 0, '17: [0x25]pushLiteralConstantBytecode (codeTest1394728435)')
debug_merge_point(0, 0, '18: [0xe4]sendLiteralSelectorBytecode (codeTest1394728435)')
+779: setfield_gc(ConstPtr(ptr62), i65, descr=<FieldS spyvm.interpreter.Interpreter.inst_remaining_stack_depth 40>)
+791: guard_class(p104, ConstClass(W_SmallInteger), descr=<Guard0x116da510>) [p0, i36, p104, p3, p10, p12, p14, p16, p18, p20, p22, p24, p26, p28, p30, p32, None, None, None, None, None, None]
+804: p107 = getfield_gc(ConstPtr(ptr106), descr=<FieldP spyvm.model.W_AbstractPointersObject.inst__shadow 20>)
+810: guard_value(p107, ConstPtr(ptr108), descr=<Guard0x116da4d0>) [p0, p104, i36, p107, p3, p10, p12, p14, p16, p18, p20, p22, p24, p26, p28, p30, p32, None, None, None, None, None, None]
debug_merge_point(1, 2, '0: [0x70]pushReceiverBytecode (~~)')
debug_merge_point(1, 2, '1: [0x10]pushTemporaryVariableBytecode (~~)')
debug_merge_point(1, 2, '2: [0xc6]bytecodePrimEquivalent (~~)')
+822: i109 = getfield_gc_pure(p104, descr=<FieldS spyvm.model.W_SmallInteger.inst_value 8>)
+825: setfield_gc(ConstPtr(ptr62), i69, descr=<FieldS spyvm.interpreter.Interpreter.inst_remaining_stack_depth 40>)
+837: i111 = int_eq(i109, 9999999)
guard_false(i111, descr=<Guard0x116da490>) [p0, p3, p10, p12, p14, p16, p18, p20, p22, p24, p26, p28, p30, p32, p104, None, None, None, i36, None, None]
debug_merge_point(1, 2, '3: [0x98]shortConditionalJump (~~)')
debug_merge_point(1, 2, '5: [0x79]returnTrue (~~)')
debug_merge_point(0, 0, '19: [0x9d]shortConditionalJump (codeTest1394728435)')
debug_merge_point(0, 0, '20: [0x11]pushTemporaryVariableBytecode (codeTest1394728435)')
+849: cond_call(i44, 4712800, p37, descr=<Callv 0 r EF=2 OS=121>)
debug_merge_point(0, 0, '21: [0x76]pushConstantOneBytecode (codeTest1394728435)')
debug_merge_point(0, 0, '22: [0xb0]bytecodePrimAdd (codeTest1394728435)')
+897: setfield_gc(ConstPtr(ptr62), i65, descr=<FieldS spyvm.interpreter.Interpreter.inst_remaining_stack_depth 40>)
+909: i114 = int_add_ovf(i72, 1)
guard_no_overflow(descr=<Guard0x116da450>) [p0, i114, p3, p52, p10, p12, p14, p16, p18, p20, p22, p24, p26, p28, p30, p32, None, None, None, None, None, None, None]
debug_merge_point(0, 0, '23: [0x69]storeAndPopTemporaryVariableBytecode (codeTest1394728435)')
+924: cond_call(i44, 4712800, p37, descr=<Callv 0 r EF=2 OS=121>)
debug_merge_point(0, 0, '24: [0xa3]longUnconditionalJump (codeTest1394728435)')
+963: i116 = getfield_gc(ConstPtr(ptr62), descr=<FieldS spyvm.interpreter.Interpreter.inst_interrupt_check_counter 24>)
+969: i118 = int_sub(i116, 8)
+972: setfield_gc(ConstPtr(ptr62), i118, descr=<FieldS spyvm.interpreter.Interpreter.inst_interrupt_check_counter 24>)
+978: i120 = int_le(i118, 0)
guard_false(i120, descr=<Guard0x116da410>) [p0, p3, p10, p12, p14, p16, p18, p20, p22, p24, p26, p28, p30, p32, p46, i114, None, None, None, None, None, None, None]
debug_merge_point(0, 0, '14: [0x10]pushTemporaryVariableBytecode (codeTest1394728435)')
p122 = new_with_vtable(ConstClass(W_SmallInteger))
+1041: setfield_gc(p122, i114, descr=<FieldS spyvm.model.W_SmallInteger.inst_value 8>)
+1070: setarrayitem_gc(p46, 1, p122, descr=<ArrayP 4>)
+1073: label(p0, p3, p10, p12, p14, p16, p18, p20, p22, p24, p26, p28, p30, p32, i44, p37, p122, i69, i36, p48, p78, i87, p86, p90, i100, p99, i65, i118, p46, descr=TargetToken(45392944))
debug_merge_point(0, 0, '14: [0x10]pushTemporaryVariableBytecode (codeTest1394728435)')
+1073: guard_not_invalidated(descr=<Guard0x116da390>) [p0, p3, p10, p12, p14, p16, p18, p20, p22, p24, p26, p28, p30, p32]
+1073: cond_call(i44, 4712800, p37, descr=<Callv 0 r EF=2 OS=121>)
debug_merge_point(0, 0, '15: [0x11]pushTemporaryVariableBytecode (codeTest1394728435)')
+1118: cond_call(i44, 4712800, p37, descr=<Callv 0 r EF=2 OS=121>)
debug_merge_point(0, 0, '16: [0xc0]bytecodePrimAt (codeTest1394728435)')
debug_merge_point(1, 1, '0: [0x10]pushTemporaryVariableBytecode (at:)')
debug_merge_point(1, 1, '1: [0x76]pushConstantOneBytecode (at:)')
debug_merge_point(1, 1, '2: [0xb2]bytecodePrimLessThan (at:)')
+1157: i124 = getfield_gc_pure(p122, descr=<FieldS spyvm.model.W_SmallInteger.inst_value 8>)
+1160: setfield_gc(ConstPtr(ptr62), i69, descr=<FieldS spyvm.interpreter.Interpreter.inst_remaining_stack_depth 40>)
+1172: i125 = int_lt(i124, 1)
guard_false(i125, descr=<Guard0x116da350>) [p0, p3, p10, p12, p14, p16, p18, p20, p22, p24, p26, p28, p30, p32, i36, p48, p122]
debug_merge_point(1, 1, '3: [0x99]shortConditionalJump (at:)')
debug_merge_point(1, 1, '6: [0x10]pushTemporaryVariableBytecode (at:)')
debug_merge_point(1, 1, '7: [0x1]pushReceiverVariableBytecode (at:)')
+1181: p126 = getarrayitem_gc(p78, 1, descr=<ArrayP 4>)
debug_merge_point(1, 1, '8: [0xb0]bytecodePrimAdd (at:)')
+1196: i127 = getfield_gc_pure(p126, descr=<FieldS spyvm.model.W_SmallInteger.inst_value 8>)
+1205: i128 = int_add_ovf(i124, i127)
guard_no_overflow(descr=<Guard0x116da310>) [p0, i128, p3, p10, p12, p14, p16, p18, p20, p22, p24, p26, p28, p30, p32, p126, i36, p48, p122]
debug_merge_point(1, 1, '9: [0x76]pushConstantOneBytecode (at:)')
debug_merge_point(1, 1, '10: [0xb1]bytecodePrimSubtract (at:)')
+1219: i129 = int_sub(i128, 1)
debug_merge_point(1, 1, '11: [0x2]pushReceiverVariableBytecode (at:)')
debug_merge_point(1, 1, '12: [0xb3]bytecodePrimGreaterThan (at:)')
+1222: i130 = int_gt(i129, i87)
guard_false(i130, descr=<Guard0x116da2d0>) [p0, p3, p10, p12, p14, p16, p18, p20, p22, p24, p26, p28, p30, p32, p86, i129, None, i36, p48, p122]
debug_merge_point(1, 1, '13: [0x9a]shortConditionalJump (at:)')
debug_merge_point(1, 1, '17: [0x0]pushReceiverVariableBytecode (at:)')
debug_merge_point(1, 1, '18: [0x10]pushTemporaryVariableBytecode (at:)')
debug_merge_point(1, 1, '19: [0x1]pushReceiverVariableBytecode (at:)')
debug_merge_point(1, 1, '20: [0xb0]bytecodePrimAdd (at:)')
debug_merge_point(1, 1, '21: [0x76]pushConstantOneBytecode (at:)')
debug_merge_point(1, 1, '22: [0xb1]bytecodePrimSubtract (at:)')
debug_merge_point(1, 1, '23: [0xc0]bytecodePrimAt (at:)')
+1234: i131 = int_sub(i129, 1)
+1237: i132 = int_ge(i131, 0)
guard_true(i132, descr=<Guard0x116da290>) [p0, p90, i131, p3, p10, p12, p14, p16, p18, p20, p22, p24, p26, p28, p30, p32, None, i129, None, i36, p48, p122]
+1246: i133 = int_lt(i131, i100)
guard_true(i133, descr=<Guard0x116da250>) [p0, p90, i131, p3, p10, p12, p14, p16, p18, p20, p22, p24, p26, p28, p30, p32, None, i129, None, i36, p48, p122]
+1258: p134 = getarrayitem_gc(p99, i131, descr=<ArrayP 4>)
debug_merge_point(1, 1, '24: [0x7c]returnTopFromMethod (at:)')
debug_merge_point(0, 0, '17: [0x25]pushLiteralConstantBytecode (codeTest1394728435)')
debug_merge_point(0, 0, '18: [0xe4]sendLiteralSelectorBytecode (codeTest1394728435)')
+1268: setfield_gc(ConstPtr(ptr62), i65, descr=<FieldS spyvm.interpreter.Interpreter.inst_remaining_stack_depth 40>)
+1280: guard_class(p134, ConstClass(W_SmallInteger), descr=<Guard0x116da210>) [p0, i36, p134, p3, p10, p12, p14, p16, p18, p20, p22, p24, p26, p28, p30, p32, None, None, None, None, None, None]
debug_merge_point(1, 2, '0: [0x70]pushReceiverBytecode (~~)')
debug_merge_point(1, 2, '1: [0x10]pushTemporaryVariableBytecode (~~)')
debug_merge_point(1, 2, '2: [0xc6]bytecodePrimEquivalent (~~)')
+1293: i135 = getfield_gc_pure(p134, descr=<FieldS spyvm.model.W_SmallInteger.inst_value 8>)
+1296: setfield_gc(ConstPtr(ptr62), i69, descr=<FieldS spyvm.interpreter.Interpreter.inst_remaining_stack_depth 40>)
+1308: i136 = int_eq(i135, 9999999)
guard_false(i136, descr=<Guard0x116da1d0>) [p0, p3, p10, p12, p14, p16, p18, p20, p22, p24, p26, p28, p30, p32, p134, None, None, None, i36, None, None]
debug_merge_point(1, 2, '3: [0x98]shortConditionalJump (~~)')
debug_merge_point(1, 2, '5: [0x79]returnTrue (~~)')
debug_merge_point(0, 0, '19: [0x9d]shortConditionalJump (codeTest1394728435)')
debug_merge_point(0, 0, '20: [0x11]pushTemporaryVariableBytecode (codeTest1394728435)')
+1320: cond_call(i44, 4712800, p37, descr=<Callv 0 r EF=2 OS=121>)
debug_merge_point(0, 0, '21: [0x76]pushConstantOneBytecode (codeTest1394728435)')
debug_merge_point(0, 0, '22: [0xb0]bytecodePrimAdd (codeTest1394728435)')
+1365: setfield_gc(ConstPtr(ptr62), i65, descr=<FieldS spyvm.interpreter.Interpreter.inst_remaining_stack_depth 40>)
+1377: i137 = int_add_ovf(i124, 1)
guard_no_overflow(descr=<Guard0x116da190>) [p0, i137, p3, p122, p10, p12, p14, p16, p18, p20, p22, p24, p26, p28, p30, p32, None, None, None, None, None, None, None]
debug_merge_point(0, 0, '23: [0x69]storeAndPopTemporaryVariableBytecode (codeTest1394728435)')
+1392: cond_call(i44, 4712800, p37, descr=<Callv 0 r EF=2 OS=121>)
debug_merge_point(0, 0, '24: [0xa3]longUnconditionalJump (codeTest1394728435)')
+1431: i138 = int_sub(i118, 8)
+1434: setfield_gc(ConstPtr(ptr62), i138, descr=<FieldS spyvm.interpreter.Interpreter.inst_interrupt_check_counter 24>)
+1440: i139 = int_le(i138, 0)
guard_false(i139, descr=<Guard0x116da150>) [p0, p3, p10, p12, p14, p16, p18, p20, p22, p24, p26, p28, p30, p32, p46, i137, None, None, None, None, None, None, None]
debug_merge_point(0, 0, '14: [0x10]pushTemporaryVariableBytecode (codeTest1394728435)')
p140 = new_with_vtable(ConstClass(W_SmallInteger))
+1503: setfield_gc(p140, i137, descr=<FieldS spyvm.model.W_SmallInteger.inst_value 8>)
+1532: setarrayitem_gc(p46, 1, p140, descr=<ArrayP 4>)
+1535: i141 = arraylen_gc(p46, descr=<ArrayP 4>)
+1535: i142 = arraylen_gc(p78, descr=<ArrayP 4>)
+1535: jump(p0, p3, p10, p12, p14, p16, p18, p20, p22, p24, p26, p28, p30, p32, i44, p37, p140, i69, i36, p48, p78, i87, p86, p90, i100, p99, i65, i138, p46, descr=TargetToken(45392944))
+1556: --end of the loop--
[370574fe1] jit-log-opt-loop}
[3705793a5] {jit-log-opt-bridge
# bridge out of Guard 0x116da150 with 77 ops
[p0, p1, p2, p3, p4, p5, p6, p7, p8, p9, p10, p11, p12, p13, p14, i15]
+29: f17 = call(ConstClass(ll_time.ll_time_time), descr=<Callf 8 EF=4>)
+76: setfield_gc(ConstPtr(ptr18), 10000, descr=<FieldS spyvm.interpreter.Interpreter.inst_interrupt_check_counter 24>)
+86: guard_no_exception(descr=<Guard0x116e2e50>) [p0, f17, p1, p2, p3, p4, p5, p6, p7, p8, p9, p10, p11, p12, p13, i15, p14]
+99: f21 = float_sub(f17, 1394728435.924000)
+107: f23 = float_mul(f21, 1000.000000)
+115: i24 = cast_float_to_int(f23)
+119: i26 = int_and(i24, 2147483647)
+125: i27 = getfield_gc(ConstPtr(ptr18), descr=<FieldS spyvm.interpreter.Interpreter.inst_next_wakeup_tick 36>)
+131: i28 = int_is_zero(i27)
guard_true(i28, descr=<Guard0x116ead90>) [p0, i26, p1, p2, p3, p4, p5, p6, p7, p8, p9, p10, p11, p12, p13, i15, p14]
debug_merge_point(0, 0, '14: [0x10]pushTemporaryVariableBytecode (codeTest1394728435)')
p30 = new_with_vtable(ConstClass(W_SmallInteger))
+188: setfield_gc(p30, i15, descr=<FieldS spyvm.model.W_SmallInteger.inst_value 8>)
+217: setarrayitem_gc(p14, 1, p30, descr=<ArrayP 4>)
+220: guard_nonnull_class(p0, ConstClass(BlockContextShadow), descr=<Guard0x116ead10>) [p0, p1, p2, p3, p4, p5, p6, p7, p8, p9, p10, p11, p12, p13]
+244: p33 = getfield_gc(p0, descr=<FieldP spyvm.shadow.BlockContextShadow.inst__w_home 52>)
+247: guard_nonnull(p33, descr=<Guard0x116eac90>) [p0, p1, p2, p3, p4, p5, p6, p7, p8, p9, p10, p11, p12, p13]
+255: p34 = getfield_gc(p33, descr=<FieldP spyvm.model.W_AbstractPointersObject.inst__shadow 20>)
+258: guard_nonnull_class(p34, ConstClass(MethodContextShadow), descr=<Guard0x116eac10>) [p0, p1, p2, p3, p4, p5, p6, p7, p8, p9, p10, p11, p12, p13]
+276: p36 = getfield_gc(p34, descr=<FieldP spyvm.shadow.MethodContextShadow.inst__w_method 44>)
+279: guard_value(p36, ConstPtr(ptr37), descr=<Guard0x116eab90>) [p0, p1, p2, p3, p4, p5, p6, p7, p8, p9, p10, p11, p12, p13]
+291: i38 = ptr_eq(p34, p0)
guard_false(i38, descr=<Guard0x116eab10>) [p0, p1, p2, p3, p4, p5, p6, p7, p8, p9, p10, p11, p12, p13]
+299: p39 = getfield_gc(p34, descr=<FieldP spyvm.shadow.ContextPartShadow.vable_token 20>)
+302: i41 = ptr_ne(p39, ConstPtr(null))
+311: p42 = getfield_gc(p34, descr=<FieldP spyvm.shadow.ContextPartShadow.inst__temps_and_stack 36>)
+314: guard_nonnull(p42, descr=<Guard0x116eaa90>) [p0, p1, p2, p3, p4, p5, p6, p7, p8, p9, p10, p11, p12, p13]
+322: i43 = arraylen_gc(p42, descr=<ArrayP 4>)
+325: i45 = int_ge(i43, 2)
guard_true(i45, descr=<Guard0x116eaa10>) [p0, p1, p2, p3, p4, p5, p6, p7, p8, p9, p10, p11, p12, p13]
+334: p47 = getfield_gc(ConstPtr(ptr46), descr=<FieldP spyvm.model.W_AbstractPointersObject.inst__shadow 20>)
+340: guard_value(p47, ConstPtr(ptr48), descr=<Guard0x116ea990>) [p0, p1, p2, p3, p4, p5, p6, p7, p8, p9, p10, p11, p12, p13]
+352: p50 = getarrayitem_gc(p42, 0, descr=<ArrayP 4>)
+355: guard_nonnull_class(p50, 6040288, descr=<Guard0x116ea910>) [p0, p1, p2, p3, p4, p5, p6, p7, p8, p9, p10, p11, p12, p13]
+373: p52 = getfield_gc(p50, descr=<FieldP spyvm.model.W_AbstractObjectWithClassReference.inst_s_class 12>)
+376: guard_value(p52, ConstPtr(ptr53), descr=<Guard0x116ea890>) [p0, p1, p2, p3, p4, p5, p6, p7, p8, p9, p10, p11, p12, p13]
+388: p55 = getarrayitem_gc(p42, 1, descr=<ArrayP 4>)
+391: guard_nonnull_class(p55, ConstClass(W_SmallInteger), descr=<Guard0x116ea810>) [p0, p1, p2, p3, p4, p5, p6, p7, p8, p9, p10, p11, p12, p13]
+409: p57 = getfield_gc(ConstPtr(ptr56), descr=<FieldP spyvm.model.W_AbstractPointersObject.inst__shadow 20>)
+415: guard_value(p57, ConstPtr(ptr58), descr=<Guard0x116ea790>) [p0, p1, p2, p3, p4, p5, p6, p7, p8, p9, p10, p11, p12, p13]
+427: i59 = getfield_gc(p0, descr=<FieldU spyvm.shadow.AbstractShadow.inst_space 12>)
+436: i60 = getfield_gc(ConstPtr(ptr18), descr=<FieldU spyvm.interpreter.Interpreter.inst_trace 46>)
+449: guard_value(i60, 0, descr=<Guard0x116ea710>) [p0, p1, p2, p3, p4, p5, p6, p7, p8, p9, p10, p11, p12, p13]
+458: i62 = getfield_gc(ConstPtr(ptr18), descr=<FieldU spyvm.interpreter.Interpreter.inst__loop 44>)
+465: guard_value(i62, 1, descr=<Guard0x116ea690>) [p0, p1, p2, p3, p4, p5, p6, p7, p8, p9, p10, p11, p12, p13]
+474: i64 = getfield_gc(ConstPtr(ptr18), descr=<FieldS spyvm.interpreter.Interpreter.inst_remaining_stack_depth 40>)
+480: i66 = int_ge(i64, 2)
guard_true(i66, descr=<Guard0x116ea610>) [p0, p1, p2, p3, p4, p5, p6, p7, p8, p9, p10, p11, p12, p13]
+489: i68 = int_sub(i64, 1)
+498: p69 = getfield_gc(p50, descr=<FieldP spyvm.model.W_AbstractPointersObject.inst__shadow 20>)
+507: guard_value(p69, ConstPtr(null), descr=<Guard0x116ea590>) [p0, p1, p2, p3, p4, p5, p6, p7, p8, p9, p10, p11, p12, p13]
+516: p71 = getfield_gc(p50, descr=<FieldP spyvm.model.W_PointersObject.inst_fieldtypes 28>)
+519: guard_value(p71, ConstPtr(ptr72), descr=<Guard0x116ea510>) [p0, p1, p2, p3, p4, p5, p6, p7, p8, p9, p10, p11, p12, p13]
+531: p73 = getfield_gc(p50, descr=<FieldP spyvm.model.W_PointersObject.inst__vars 24>)
+534: guard_nonnull(p73, descr=<Guard0x116ea490>) [p0, p1, p2, p3, p4, p5, p6, p7, p8, p9, p10, p11, p12, p13]
+542: i74 = arraylen_gc(p73, descr=<ArrayP 4>)
+551: i76 = int_ge(i74, 3)
guard_true(i76, descr=<Guard0x116ea410>) [p0, p1, p2, p3, p4, p5, p6, p7, p8, p9, p10, p11, p12, p13]
+560: p78 = getarrayitem_gc(p73, 2, descr=<ArrayP 4>)
+569: guard_nonnull_class(p78, ConstClass(W_SmallInteger), descr=<Guard0x116ea390>) [p0, p1, p2, p3, p4, p5, p6, p7, p8, p9, p10, p11, p12, p13]
+587: i80 = getfield_gc_pure(p78, descr=<FieldS spyvm.model.W_SmallInteger.inst_value 8>)
+596: p82 = getarrayitem_gc(p73, 0, descr=<ArrayP 4>)
+611: guard_nonnull_class(p82, 6040288, descr=<Guard0x116ea310>) [p0, p1, p2, p3, p4, p5, p6, p7, p8, p9, p10, p11, p12, p13]
+629: p84 = getfield_gc(p82, descr=<FieldP spyvm.model.W_AbstractObjectWithClassReference.inst_s_class 12>)
+638: guard_value(p84, ConstPtr(ptr85), descr=<Guard0x116ea290>) [p0, p1, p2, p3, p4, p5, p6, p7, p8, p9, p10, p11, p12, p13]
+650: p86 = getfield_gc(p82, descr=<FieldP spyvm.model.W_AbstractPointersObject.inst__shadow 20>)
+659: guard_value(p86, ConstPtr(null), descr=<Guard0x116ea210>) [p0, p1, p2, p3, p4, p5, p6, p7, p8, p9, p10, p11, p12, p13]
+668: p87 = getfield_gc(p82, descr=<FieldP spyvm.model.W_PointersObject.inst__vars 24>)
+677: guard_nonnull(p87, descr=<Guard0x116ea190>) [p0, p1, p2, p3, p4, p5, p6, p7, p8, p9, p10, p11, p12, p13]
+685: i88 = arraylen_gc(p87, descr=<ArrayP 4>)
+694: i90 = int_ge(i88, 1)
guard_true(i90, descr=<Guard0x116ea110>) [p0, p1, p2, p3, p4, p5, p6, p7, p8, p9, p10, p11, p12, p13]
+703: p91 = getfield_gc(p82, descr=<FieldP spyvm.model.W_PointersObject.inst_fieldtypes 28>)
+718: guard_value(p91, ConstPtr(ptr92), descr=<Guard0x116ea090>) [p0, p1, p2, p3, p4, p5, p6, p7, p8, p9, p10, p11, p12, p13]
+730: p94 = getfield_gc(ConstPtr(ptr93), descr=<FieldP spyvm.model.W_AbstractPointersObject.inst__shadow 20>)
+736: guard_value(p94, ConstPtr(ptr95), descr=<Guard0x116ea010>) [p0, p1, p2, p3, p4, p5, p6, p7, p8, p9, p10, p11, p12, p13]
+748: jump(p0, p1, p2, p3, p4, p5, p6, p7, p8, p9, p10, p11, p12, p13, i41, p34, p55, i68, i59, p50, p73, i80, p78, p82, i88, p87, i64, 10000, p42, descr=TargetToken(45392944))
+880: --end of the loop--
[37057968b] jit-log-opt-bridge}
