[36c5d0de6] {jit-log-opt-loop
# Loop 0 (12: [0x11]pushTemporaryVariableBytecode (codeTest1394728411)) : loop with 231 ops
[p0]
+61: i1 = getfield_gc(p0, descr=<FieldS spyvm.shadow.ContextPartShadow.inst__pc 24>)
+70: i2 = getfield_gc(p0, descr=<FieldU spyvm.shadow.ContextPartShadow.inst__stack_ptr 32>)
+73: p3 = getfield_gc(p0, descr=<FieldP spyvm.shadow.ContextPartShadow.inst__s_sender 28>)
+76: p4 = getfield_gc(p0, descr=<FieldP spyvm.shadow.ContextPartShadow.inst__temps_and_stack 36>)
+79: p6 = getarrayitem_gc(p4, 0, descr=<ArrayP 4>)
+82: p8 = getarrayitem_gc(p4, 1, descr=<ArrayP 4>)
+85: p10 = getarrayitem_gc(p4, 2, descr=<ArrayP 4>)
+94: p12 = getarrayitem_gc(p4, 3, descr=<ArrayP 4>)
+103: p14 = getarrayitem_gc(p4, 4, descr=<ArrayP 4>)
+112: p16 = getarrayitem_gc(p4, 5, descr=<ArrayP 4>)
+121: p18 = getarrayitem_gc(p4, 6, descr=<ArrayP 4>)
+130: p20 = getarrayitem_gc(p4, 7, descr=<ArrayP 4>)
+139: p22 = getarrayitem_gc(p4, 8, descr=<ArrayP 4>)
+148: p24 = getarrayitem_gc(p4, 9, descr=<ArrayP 4>)
+157: p26 = getarrayitem_gc(p4, 10, descr=<ArrayP 4>)
+166: p28 = getarrayitem_gc(p4, 11, descr=<ArrayP 4>)
+175: p30 = getarrayitem_gc(p4, 12, descr=<ArrayP 4>)
+184: p32 = getarrayitem_gc(p4, 13, descr=<ArrayP 4>)
+193: label(p0, i1, i2, p3, p6, p8, p10, p12, p14, p16, p18, p20, p22, p24, p26, p28, p30, p32, descr=TargetToken(44745824))
debug_merge_point(0, 0, '12: [0x11]pushTemporaryVariableBytecode (codeTest1394728411)')
+211: guard_value(i1, 12, descr=<Guard0x2abbe90>) [p0, i1, i2, p3, p6, p8, p10, p12, p14, p16, p18, p20, p22, p24, p26, p28, p30, p32]
+220: guard_class(p0, ConstClass(BlockContextShadow), descr=<Guard0x2abbe50>) [p0, i2, p3, p6, p8, p10, p12, p14, p16, p18, p20, p22, p24, p26, p28, p30, p32]
+239: p35 = getfield_gc(p0, descr=<FieldP spyvm.shadow.BlockContextShadow.inst__w_home 52>)
+242: i36 = getfield_gc(p0, descr=<FieldU spyvm.shadow.AbstractShadow.inst_space 12>)
+245: p37 = getfield_gc(p35, descr=<FieldP spyvm.model.W_AbstractPointersObject.inst__shadow 20>)
+248: guard_nonnull_class(p37, ConstClass(MethodContextShadow), descr=<Guard0x2abbe10>) [p0, i36, p35, p37, i2, p3, p6, p8, p10, p12, p14, p16, p18, p20, p22, p24, p26, p28, p30, p32]
+266: p39 = getfield_gc(p37, descr=<FieldP spyvm.shadow.MethodContextShadow.inst__w_method 44>)
+269: guard_value(p39, ConstPtr(ptr40), descr=<Guard0x2abbdd0>) [p0, p39, i2, p3, p6, p8, p10, p12, p14, p16, p18, p20, p22, p24, p26, p28, p30, p32]
+281: guard_not_invalidated(descr=<Guard0x2abbd90>) [p0, i36, i2, p3, p6, p8, p10, p12, p14, p16, p18, p20, p22, p24, p26, p28, p30, p32]
+281: i41 = ptr_eq(p37, p0)
guard_false(i41, descr=<Guard0x2abbd50>) [p0, p37, i2, p3, p6, p8, p10, p12, p14, p16, p18, p20, p22, p24, p26, p28, p30, p32]
+289: p42 = getfield_gc(p37, descr=<FieldP spyvm.shadow.ContextPartShadow.vable_token 20>)
+292: i44 = ptr_ne(p42, ConstPtr(null))
+301: cond_call(i44, 5176784, p37, descr=<Callv 0 r EF=2 OS=121>)
+334: p46 = getfield_gc(p37, descr=<FieldP spyvm.shadow.ContextPartShadow.inst__temps_and_stack 36>)
+337: p48 = getarrayitem_gc(p46, 1, descr=<ArrayP 4>)
+340: guard_value(i2, 0, descr=<Guard0x2abbd10>) [p0, i2, p48, p3, p6, p8, p10, p12, p14, p16, p18, p20, p22, p24, p26, p28, p30, p32]
debug_merge_point(0, 0, '13: [0x23]pushLiteralConstantBytecode (codeTest1394728411)')
debug_merge_point(0, 0, '14: [0xb4]bytecodePrimLessOrEqual (codeTest1394728411)')
+349: guard_nonnull_class(p48, ConstClass(W_SmallInteger), descr=<Guard0x2abbcd0>) [p0, p48, p3, p10, p12, p14, p16, p18, p20, p22, p24, p26, p28, p30, p32]
+367: i51 = getfield_gc_pure(p48, descr=<FieldS spyvm.model.W_SmallInteger.inst_value 8>)
+370: i53 = int_le(i51, 1000000)
guard_true(i53, descr=<Guard0x2abbc90>) [p0, p3, p48, p10, p12, p14, p16, p18, p20, p22, p24, p26, p28, p30, p32]
debug_merge_point(0, 0, '15: [0xac]longJumpIfFalse (codeTest1394728411)')
debug_merge_point(0, 0, '17: [0x10]pushTemporaryVariableBytecode (codeTest1394728411)')
+382: cond_call(i44, 5176784, p37, descr=<Callv 0 r EF=2 OS=121>)
+418: p56 = getarrayitem_gc(p46, 0, descr=<ArrayP 4>)
debug_merge_point(0, 0, '18: [0x11]pushTemporaryVariableBytecode (codeTest1394728411)')
+427: cond_call(i44, 5176784, p37, descr=<Callv 0 r EF=2 OS=121>)
debug_merge_point(0, 0, '19: [0xe2]sendLiteralSelectorBytecode (codeTest1394728411)')
+475: guard_class(p56, 6532144, descr=<Guard0x2abbc50>) [p0, i36, p56, p3, p48, p10, p12, p14, p16, p18, p20, p22, p24, p26, p28, p30, p32]
+488: p59 = getfield_gc(p56, descr=<FieldP spyvm.model.W_AbstractObjectWithClassReference.inst_s_class 12>)
+491: guard_value(p59, ConstPtr(ptr60), descr=<Guard0x2abbc10>) [p0, p56, p59, p3, p48, p10, p12, p14, p16, p18, p20, p22, p24, p26, p28, p30, p32]
+503: p62 = getfield_gc(ConstPtr(ptr61), descr=<FieldP spyvm.model.W_AbstractPointersObject.inst__shadow 20>)
+509: guard_value(p62, ConstPtr(ptr63), descr=<Guard0x2abbbd0>) [p0, i36, p56, p62, p3, p10, p12, p14, p16, p18, p20, p22, p24, p26, p28, p30, p32, p48]
+521: i65 = getfield_gc(ConstPtr(ptr64), descr=<FieldU spyvm.interpreter.Interpreter.inst_trace 46>)
+528: guard_false(i65, descr=<Guard0x2abbb90>) [p0, p3, p10, p12, p14, p16, p18, p20, p22, p24, p26, p28, p30, p32, p56, i36, p48]
+536: i66 = getfield_gc(ConstPtr(ptr64), descr=<FieldU spyvm.interpreter.Interpreter.inst__loop 44>)
+543: guard_true(i66, descr=<Guard0x2abbb50>) [p0, p3, p10, p12, p14, p16, p18, p20, p22, p24, p26, p28, p30, p32, p56, i36, p48]
+551: i67 = getfield_gc(ConstPtr(ptr64), descr=<FieldS spyvm.interpreter.Interpreter.inst_remaining_stack_depth 40>)
+557: i69 = int_le(i67, 1)
guard_false(i69, descr=<Guard0x2abbb10>) [p0, p3, p10, p12, p14, p16, p18, p20, p22, p24, p26, p28, p30, p32, p56, i36, p48]
+566: i71 = int_sub(i67, 1)
debug_merge_point(1, 1, '0: [0x70]pushReceiverBytecode (add:)')
debug_merge_point(1, 1, '1: [0x10]pushTemporaryVariableBytecode (add:)')
debug_merge_point(1, 1, '2: [0xe0]sendLiteralSelectorBytecode (add:)')
+575: setfield_gc(ConstPtr(ptr64), i71, descr=<FieldS spyvm.interpreter.Interpreter.inst_remaining_stack_depth 40>)
+581: i73 = int_le(i71, 1)
guard_false(i73, descr=<Guard0x2abbad0>) [p0, p3, p10, p12, p14, p16, p18, p20, p22, p24, p26, p28, p30, p32, p56, i36, p48]
+590: i75 = int_sub(i71, 1)
debug_merge_point(2, 2, '0: [0x2]pushReceiverVariableBytecode (addLast:)')
+599: p76 = getfield_gc(p56, descr=<FieldP spyvm.model.W_AbstractPointersObject.inst__shadow 20>)
+602: setfield_gc(ConstPtr(ptr64), i75, descr=<FieldS spyvm.interpreter.Interpreter.inst_remaining_stack_depth 40>)
+608: guard_isnull(p76, descr=<Guard0x2abba90>) [p0, i36, p76, p56, p3, p10, p12, p14, p16, p18, p20, p22, p24, p26, p28, p30, p32, None, None, p48]
+616: p78 = getfield_gc(p56, descr=<FieldP spyvm.model.W_PointersObject.inst_strategy 28>)
+619: guard_value(p78, ConstPtr(ptr79), descr=<Guard0x2abba50>) [p0, i36, p78, p56, p3, p10, p12, p14, p16, p18, p20, p22, p24, p26, p28, p30, p32, None, None, p48]
+631: p80 = getfield_gc(p56, descr=<FieldP spyvm.model.W_PointersObject.inst__storage 24>)
+634: p82 = getarrayitem_gc(p80, 2, descr=<ArrayP 4>)
debug_merge_point(2, 2, '1: [0x0]pushReceiverVariableBytecode (addLast:)')
+643: p84 = getarrayitem_gc(p80, 0, descr=<ArrayP 4>)
debug_merge_point(2, 2, '2: [0xc2]bytecodePrimSize (addLast:)')
+658: p86 = getfield_gc(ConstPtr(ptr85), descr=<FieldP spyvm.model.W_AbstractPointersObject.inst__shadow 20>)
+670: guard_value(p86, ConstPtr(ptr87), descr=<Guard0x2abba10>) [p0, p86, p3, p10, p12, p14, p16, p18, p20, p22, p24, p26, p28, p30, p32, p84, p82, p56, i36, p48]
+682: guard_class(p84, 6532144, descr=<Guard0x2abb9d0>) [p0, i36, p84, p3, p10, p12, p14, p16, p18, p20, p22, p24, p26, p28, p30, p32, None, p82, p56, None, p48]
+695: p89 = getfield_gc(p84, descr=<FieldP spyvm.model.W_AbstractObjectWithClassReference.inst_s_class 12>)
+698: guard_value(p89, ConstPtr(ptr90), descr=<Guard0x2abb990>) [p0, p84, p89, p3, p10, p12, p14, p16, p18, p20, p22, p24, p26, p28, p30, p32, None, p82, p56, i36, p48]
+710: p91 = getfield_gc(p84, descr=<FieldP spyvm.model.W_AbstractPointersObject.inst__shadow 20>)
+713: guard_isnull(p91, descr=<Guard0x2abb950>) [p0, p84, p91, p3, p10, p12, p14, p16, p18, p20, p22, p24, p26, p28, p30, p32, None, p82, p56, i36, p48]
+721: p92 = getfield_gc(p84, descr=<FieldP spyvm.model.W_PointersObject.inst_strategy 28>)
+724: guard_value(p92, ConstPtr(ptr93), descr=<Guard0x2abb910>) [p0, p84, p92, p3, p10, p12, p14, p16, p18, p20, p22, p24, p26, p28, p30, p32, None, p82, p56, i36, p48]
+736: p94 = getfield_gc(p84, descr=<FieldP spyvm.model.W_PointersObject.inst__storage 24>)
+739: p95 = getfield_gc_pure(p94, descr=<FieldP spyvm.fieldtypes.DenseSmallIntegerStorage.inst_arr 16>)
+748: i96 = arraylen_gc(p95, descr=<ArrayS 4>)
debug_merge_point(2, 2, '3: [0xb6]bytecodePrimEqual (addLast:)')
+757: i97 = getfield_gc_pure(p82, descr=<FieldS spyvm.model.W_SmallInteger.inst_value 8>)
+766: i98 = int_eq(i97, i96)
guard_false(i98, descr=<Guard0x2abb8d0>) [p0, p3, p10, p12, p14, p16, p18, p20, p22, p24, p26, p28, p30, p32, i96, None, p82, p56, i36, p48]
debug_merge_point(2, 2, '4: [0x9a]shortConditionalJump (addLast:)')
debug_merge_point(2, 2, '8: [0x2]pushReceiverVariableBytecode (addLast:)')
debug_merge_point(2, 2, '9: [0x76]pushConstantOneBytecode (addLast:)')
debug_merge_point(2, 2, '10: [0xb0]bytecodePrimAdd (addLast:)')
+774: i100 = int_add_ovf(i97, 1)
guard_no_overflow(descr=<Guard0x2abb890>) [p0, i100, p3, p10, p12, p14, p16, p18, p20, p22, p24, p26, p28, p30, p32, None, None, p82, p56, i36, p48]
debug_merge_point(2, 2, '11: [0x62]storeAndPopReceiverVariableBytecode (addLast:)')
debug_merge_point(2, 2, '12: [0x0]pushReceiverVariableBytecode (addLast:)')
debug_merge_point(2, 2, '13: [0x2]pushReceiverVariableBytecode (addLast:)')
debug_merge_point(2, 2, '14: [0x10]pushTemporaryVariableBytecode (addLast:)')
debug_merge_point(2, 2, '15: [0xc1]bytecodePrimAtPut (addLast:)')
+789: i102 = int_ge(i97, 0)
guard_true(i102, descr=<Guard0x2abb850>) [p0, p84, p48, i97, p3, p10, p12, p14, p16, p18, p20, p22, p24, p26, p28, p30, p32, i100, p80, None, None, None, p56, i36, None]
+802: i103 = int_lt(i97, i96)
guard_true(i103, descr=<Guard0x2abb810>) [p0, p84, p48, i97, p3, p10, p12, p14, p16, p18, p20, p22, p24, p26, p28, p30, p32, i100, p80, None, None, None, p56, i36, None]
+814: i104 = getfield_gc(p94, descr=<FieldS spyvm.fieldtypes.DenseSmallIntegerStorage.inst__to 12>)
+823: i105 = int_eq(i97, i104)
guard_true(i105, descr=<Guard0x2abb7d0>) [p0, p84, p48, i97, p94, p3, p10, p12, p14, p16, p18, p20, p22, p24, p26, p28, p30, p32, i100, p80, None, None, None, p56, i36, None]
+835: i107 = int_add(i104, 1)
+838: setarrayitem_gc(p95, i97, i51, descr=<ArrayS 4>)
debug_merge_point(2, 2, '16: [0x87]popStackBytecode (addLast:)')
debug_merge_point(2, 2, '17: [0x10]pushTemporaryVariableBytecode (addLast:)')
debug_merge_point(2, 2, '18: [0x7c]returnTopFromMethod (addLast:)')
debug_merge_point(1, 1, '3: [0x7c]returnTopFromMethod (add:)')
debug_merge_point(0, 0, '20: [0x87]popStackBytecode (codeTest1394728411)')
debug_merge_point(0, 0, '21: [0x11]pushTemporaryVariableBytecode (codeTest1394728411)')
+854: cond_call(i44, 5176784, p37, descr=<Callv 0 r EF=2 OS=121>)
debug_merge_point(0, 0, '22: [0x76]pushConstantOneBytecode (codeTest1394728411)')
debug_merge_point(0, 0, '23: [0xb0]bytecodePrimAdd (codeTest1394728411)')
+899: i110 = int_add(i51, 1)
debug_merge_point(0, 0, '24: [0x69]storeAndPopTemporaryVariableBytecode (codeTest1394728411)')
+902: cond_call(i44, 5176784, p37, descr=<Callv 0 r EF=2 OS=121>)
debug_merge_point(0, 0, '25: [0xa3]longUnconditionalJump (codeTest1394728411)')
+944: i112 = getfield_gc(ConstPtr(ptr64), descr=<FieldS spyvm.interpreter.Interpreter.inst_interrupt_check_counter 24>)
+950: i114 = int_sub(i112, 8)
+953: setfield_gc(ConstPtr(ptr64), i67, descr=<FieldS spyvm.interpreter.Interpreter.inst_remaining_stack_depth 40>)
+965: setfield_gc(p94, i107, descr=<FieldS spyvm.fieldtypes.DenseSmallIntegerStorage.inst__to 12>)
+968: setfield_gc(ConstPtr(ptr64), i114, descr=<FieldS spyvm.interpreter.Interpreter.inst_interrupt_check_counter 24>)
+974: i116 = int_le(i114, 0)
guard_false(i116, descr=<Guard0x2abb790>) [p0, p3, p10, p12, p14, p16, p18, p20, p22, p24, p26, p28, p30, p32, p46, i110, i100, p80, None, None, None, None, None, None]
debug_merge_point(0, 0, '12: [0x11]pushTemporaryVariableBytecode (codeTest1394728411)')
p118 = new_with_vtable(ConstClass(W_SmallInteger))
+1037: setfield_gc(p118, i100, descr=<FieldS spyvm.model.W_SmallInteger.inst_value 8>)
+1066: setarrayitem_gc(p80, 2, p118, descr=<ArrayP 4>)
p121 = new_with_vtable(ConstClass(W_SmallInteger))
+1085: setfield_gc(p121, i110, descr=<FieldS spyvm.model.W_SmallInteger.inst_value 8>)
+1120: setarrayitem_gc(p46, 1, p121, descr=<ArrayP 4>)
+1123: label(p0, p3, p10, p12, p14, p16, p18, p20, p22, p24, p26, p28, p30, p32, i36, i44, p37, p121, p80, i75, p56, i114, i67, p46, descr=TargetToken(44745872))
debug_merge_point(0, 0, '12: [0x11]pushTemporaryVariableBytecode (codeTest1394728411)')
+1123: guard_not_invalidated(descr=<Guard0x2af0b50>) [p0, i36, p3, p10, p12, p14, p16, p18, p20, p22, p24, p26, p28, p30, p32]
+1123: cond_call(i44, 5176784, p37, descr=<Callv 0 r EF=2 OS=121>)
debug_merge_point(0, 0, '13: [0x23]pushLiteralConstantBytecode (codeTest1394728411)')
debug_merge_point(0, 0, '14: [0xb4]bytecodePrimLessOrEqual (codeTest1394728411)')
+1171: i123 = getfield_gc_pure(p121, descr=<FieldS spyvm.model.W_SmallInteger.inst_value 8>)
+1180: i124 = int_le(i123, 1000000)
guard_true(i124, descr=<Guard0x2af0510>) [p0, p3, p121, p10, p12, p14, p16, p18, p20, p22, p24, p26, p28, p30, p32]
debug_merge_point(0, 0, '15: [0xac]longJumpIfFalse (codeTest1394728411)')
debug_merge_point(0, 0, '17: [0x10]pushTemporaryVariableBytecode (codeTest1394728411)')
+1192: cond_call(i44, 5176784, p37, descr=<Callv 0 r EF=2 OS=121>)
debug_merge_point(0, 0, '18: [0x11]pushTemporaryVariableBytecode (codeTest1394728411)')
+1234: cond_call(i44, 5176784, p37, descr=<Callv 0 r EF=2 OS=121>)
debug_merge_point(0, 0, '19: [0xe2]sendLiteralSelectorBytecode (codeTest1394728411)')
debug_merge_point(1, 1, '0: [0x70]pushReceiverBytecode (add:)')
debug_merge_point(1, 1, '1: [0x10]pushTemporaryVariableBytecode (add:)')
debug_merge_point(1, 1, '2: [0xe0]sendLiteralSelectorBytecode (add:)')
debug_merge_point(2, 2, '0: [0x2]pushReceiverVariableBytecode (addLast:)')
+1276: p125 = getarrayitem_gc(p80, 2, descr=<ArrayP 4>)
debug_merge_point(2, 2, '1: [0x0]pushReceiverVariableBytecode (addLast:)')
+1285: p126 = getarrayitem_gc(p80, 0, descr=<ArrayP 4>)
debug_merge_point(2, 2, '2: [0xc2]bytecodePrimSize (addLast:)')
+1300: setfield_gc(ConstPtr(ptr64), i75, descr=<FieldS spyvm.interpreter.Interpreter.inst_remaining_stack_depth 40>)
+1318: guard_class(p126, 6532144, descr=<Guard0x2ae7710>) [p0, i36, p126, p3, p10, p12, p14, p16, p18, p20, p22, p24, p26, p28, p30, p32, p56, p121, p125]
+1331: p127 = getfield_gc(p126, descr=<FieldP spyvm.model.W_AbstractObjectWithClassReference.inst_s_class 12>)
+1334: guard_value(p127, ConstPtr(ptr90), descr=<Guard0x2ae76d0>) [p0, p126, p127, p3, p10, p12, p14, p16, p18, p20, p22, p24, p26, p28, p30, p32, i36, p56, p121, p125]
+1346: p128 = getfield_gc(p126, descr=<FieldP spyvm.model.W_AbstractPointersObject.inst__shadow 20>)
+1349: guard_isnull(p128, descr=<Guard0x2ae7510>) [p0, p126, p128, p3, p10, p12, p14, p16, p18, p20, p22, p24, p26, p28, p30, p32, i36, p56, p121, p125]
+1357: p129 = getfield_gc(p126, descr=<FieldP spyvm.model.W_PointersObject.inst_strategy 28>)
+1360: guard_value(p129, ConstPtr(ptr93), descr=<Guard0x2ae74d0>) [p0, p126, p129, p3, p10, p12, p14, p16, p18, p20, p22, p24, p26, p28, p30, p32, i36, p56, p121, p125]
+1372: p130 = getfield_gc(p126, descr=<FieldP spyvm.model.W_PointersObject.inst__storage 24>)
+1375: p131 = getfield_gc_pure(p130, descr=<FieldP spyvm.fieldtypes.DenseSmallIntegerStorage.inst_arr 16>)
+1384: i132 = arraylen_gc(p131, descr=<ArrayS 4>)
debug_merge_point(2, 2, '3: [0xb6]bytecodePrimEqual (addLast:)')
+1393: i133 = getfield_gc_pure(p125, descr=<FieldS spyvm.model.W_SmallInteger.inst_value 8>)
+1402: i134 = int_eq(i133, i132)
guard_false(i134, descr=<Guard0x2ae7390>) [p0, p3, p10, p12, p14, p16, p18, p20, p22, p24, p26, p28, p30, p32, i132, i36, p56, p121, p125]
debug_merge_point(2, 2, '4: [0x9a]shortConditionalJump (addLast:)')
debug_merge_point(2, 2, '8: [0x2]pushReceiverVariableBytecode (addLast:)')
debug_merge_point(2, 2, '9: [0x76]pushConstantOneBytecode (addLast:)')
debug_merge_point(2, 2, '10: [0xb0]bytecodePrimAdd (addLast:)')
+1410: i135 = int_add_ovf(i133, 1)
guard_no_overflow(descr=<Guard0x2ae1e50>) [p0, i135, p3, p10, p12, p14, p16, p18, p20, p22, p24, p26, p28, p30, p32, None, i36, p56, p121, p125]
debug_merge_point(2, 2, '11: [0x62]storeAndPopReceiverVariableBytecode (addLast:)')
debug_merge_point(2, 2, '12: [0x0]pushReceiverVariableBytecode (addLast:)')
debug_merge_point(2, 2, '13: [0x2]pushReceiverVariableBytecode (addLast:)')
debug_merge_point(2, 2, '14: [0x10]pushTemporaryVariableBytecode (addLast:)')
debug_merge_point(2, 2, '15: [0xc1]bytecodePrimAtPut (addLast:)')
+1425: i136 = int_ge(i133, 0)
guard_true(i136, descr=<Guard0x2ae1610>) [p0, p126, p121, i133, p3, p10, p12, p14, p16, p18, p20, p22, p24, p26, p28, p30, p32, i135, p80, None, i36, p56, None, None]
+1438: i137 = int_lt(i133, i132)
guard_true(i137, descr=<Guard0x2ae1510>) [p0, p126, p121, i133, p3, p10, p12, p14, p16, p18, p20, p22, p24, p26, p28, p30, p32, i135, p80, None, i36, p56, None, None]
+1450: i138 = getfield_gc(p130, descr=<FieldS spyvm.fieldtypes.DenseSmallIntegerStorage.inst__to 12>)
+1459: i139 = int_eq(i133, i138)
guard_true(i139, descr=<Guard0x2ae1410>) [p0, p126, p121, i133, p130, p3, p10, p12, p14, p16, p18, p20, p22, p24, p26, p28, p30, p32, i135, p80, None, i36, p56, None, None]
+1471: i140 = int_add(i138, 1)
+1474: setarrayitem_gc(p131, i133, i123, descr=<ArrayS 4>)
debug_merge_point(2, 2, '16: [0x87]popStackBytecode (addLast:)')
debug_merge_point(2, 2, '17: [0x10]pushTemporaryVariableBytecode (addLast:)')
debug_merge_point(2, 2, '18: [0x7c]returnTopFromMethod (addLast:)')
debug_merge_point(1, 1, '3: [0x7c]returnTopFromMethod (add:)')
debug_merge_point(0, 0, '20: [0x87]popStackBytecode (codeTest1394728411)')
debug_merge_point(0, 0, '21: [0x11]pushTemporaryVariableBytecode (codeTest1394728411)')
+1490: cond_call(i44, 5176784, p37, descr=<Callv 0 r EF=2 OS=121>)
debug_merge_point(0, 0, '22: [0x76]pushConstantOneBytecode (codeTest1394728411)')
debug_merge_point(0, 0, '23: [0xb0]bytecodePrimAdd (codeTest1394728411)')
+1538: i141 = int_add(i123, 1)
debug_merge_point(0, 0, '24: [0x69]storeAndPopTemporaryVariableBytecode (codeTest1394728411)')
+1541: cond_call(i44, 5176784, p37, descr=<Callv 0 r EF=2 OS=121>)
debug_merge_point(0, 0, '25: [0xa3]longUnconditionalJump (codeTest1394728411)')
+1580: i142 = int_sub(i114, 8)
+1589: setfield_gc(ConstPtr(ptr64), i67, descr=<FieldS spyvm.interpreter.Interpreter.inst_remaining_stack_depth 40>)
+1601: setfield_gc(p130, i140, descr=<FieldS spyvm.fieldtypes.DenseSmallIntegerStorage.inst__to 12>)
+1604: setfield_gc(ConstPtr(ptr64), i142, descr=<FieldS spyvm.interpreter.Interpreter.inst_interrupt_check_counter 24>)
+1610: i143 = int_le(i142, 0)
guard_false(i143, descr=<Guard0x2abbed0>) [p0, p3, p10, p12, p14, p16, p18, p20, p22, p24, p26, p28, p30, p32, i141, p46, i135, p80, None, None, None, None, None]
debug_merge_point(0, 0, '12: [0x11]pushTemporaryVariableBytecode (codeTest1394728411)')
p144 = new_with_vtable(ConstClass(W_SmallInteger))
+1667: setfield_gc(p144, i135, descr=<FieldS spyvm.model.W_SmallInteger.inst_value 8>)
+1696: setarrayitem_gc(p80, 2, p144, descr=<ArrayP 4>)
p145 = new_with_vtable(ConstClass(W_SmallInteger))
+1715: setfield_gc(p145, i141, descr=<FieldS spyvm.model.W_SmallInteger.inst_value 8>)
+1744: setarrayitem_gc(p46, 1, p145, descr=<ArrayP 4>)
+1747: i146 = arraylen_gc(p46, descr=<ArrayP 4>)
+1747: i147 = arraylen_gc(p80, descr=<ArrayP 4>)
+1747: jump(p0, p3, p10, p12, p14, p16, p18, p20, p22, p24, p26, p28, p30, p32, i36, i44, p37, p145, p80, i75, p56, i142, i67, p46, descr=TargetToken(44745872))
+1762: --end of the loop--
[36c5d1612] jit-log-opt-loop}
[36c5de566] {jit-log-opt-bridge
# bridge out of Guard 0x2abbed0 with 63 ops
[p0, p1, p2, p3, p4, p5, p6, p7, p8, p9, p10, p11, p12, p13, i14, p15, i16, p17]
+29: f19 = call(ConstClass(ll_time.ll_time_time), descr=<Callf 8 EF=4>)
+82: setfield_gc(ConstPtr(ptr20), 10000, descr=<FieldS spyvm.interpreter.Interpreter.inst_interrupt_check_counter 24>)
+92: guard_no_exception(descr=<Guard0x2b2f010>) [p0, f19, p1, p2, p3, p4, p5, p6, p7, p8, p9, p10, p11, p12, p13, i14, p17, p15, i16]
+105: f23 = float_sub(f19, 1394728411.965000)
+113: f25 = float_mul(f23, 1000.000000)
+121: i26 = cast_float_to_int(f25)
+125: i28 = int_and(i26, 2147483647)
+131: i29 = getfield_gc(ConstPtr(ptr20), descr=<FieldS spyvm.interpreter.Interpreter.inst_next_wakeup_tick 36>)
+137: i30 = int_is_zero(i29)
guard_true(i30, descr=<Guard0x24c5210>) [p0, i28, p1, p2, p3, p4, p5, p6, p7, p8, p9, p10, p11, p12, p13, i14, p17, p15, i16]
debug_merge_point(0, 0, '12: [0x11]pushTemporaryVariableBytecode (codeTest1394728411)')
p32 = new_with_vtable(ConstClass(W_SmallInteger))
+194: setfield_gc(p32, i16, descr=<FieldS spyvm.model.W_SmallInteger.inst_value 8>)
+229: setarrayitem_gc(p17, 2, p32, descr=<ArrayP 4>)
p35 = new_with_vtable(ConstClass(W_SmallInteger))
+248: setfield_gc(p35, i14, descr=<FieldS spyvm.model.W_SmallInteger.inst_value 8>)
+277: setarrayitem_gc(p15, 1, p35, descr=<ArrayP 4>)
+280: guard_nonnull_class(p0, ConstClass(BlockContextShadow), descr=<Guard0x24c5190>) [p0, p1, p2, p3, p4, p5, p6, p7, p8, p9, p10, p11, p12, p13]
+304: p38 = getfield_gc(p0, descr=<FieldP spyvm.shadow.BlockContextShadow.inst__w_home 52>)
+307: guard_nonnull(p38, descr=<Guard0x24c5110>) [p0, p1, p2, p3, p4, p5, p6, p7, p8, p9, p10, p11, p12, p13]
+315: p39 = getfield_gc(p38, descr=<FieldP spyvm.model.W_AbstractPointersObject.inst__shadow 20>)
+318: guard_nonnull_class(p39, ConstClass(MethodContextShadow), descr=<Guard0x24c5090>) [p0, p1, p2, p3, p4, p5, p6, p7, p8, p9, p10, p11, p12, p13]
+336: p41 = getfield_gc(p39, descr=<FieldP spyvm.shadow.MethodContextShadow.inst__w_method 44>)
+339: guard_value(p41, ConstPtr(ptr42), descr=<Guard0x2b2ff90>) [p0, p1, p2, p3, p4, p5, p6, p7, p8, p9, p10, p11, p12, p13]
+351: i43 = getfield_gc(p0, descr=<FieldU spyvm.shadow.AbstractShadow.inst_space 12>)
+354: i44 = ptr_eq(p39, p0)
guard_false(i44, descr=<Guard0x2b2ff10>) [p0, p1, p2, p3, p4, p5, p6, p7, p8, p9, p10, p11, p12, p13]
+362: p45 = getfield_gc(p39, descr=<FieldP spyvm.shadow.ContextPartShadow.vable_token 20>)
+365: i47 = ptr_ne(p45, ConstPtr(null))
+374: p48 = getfield_gc(p39, descr=<FieldP spyvm.shadow.ContextPartShadow.inst__temps_and_stack 36>)
+377: guard_nonnull(p48, descr=<Guard0x2b2fe90>) [p0, p1, p2, p3, p4, p5, p6, p7, p8, p9, p10, p11, p12, p13]
+385: i49 = arraylen_gc(p48, descr=<ArrayP 4>)
+388: i51 = int_ge(i49, 2)
guard_true(i51, descr=<Guard0x2b2f790>) [p0, p1, p2, p3, p4, p5, p6, p7, p8, p9, p10, p11, p12, p13]
+397: p53 = getarrayitem_gc(p48, 1, descr=<ArrayP 4>)
+400: guard_nonnull_class(p53, ConstClass(W_SmallInteger), descr=<Guard0x2b2f710>) [p0, p1, p2, p3, p4, p5, p6, p7, p8, p9, p10, p11, p12, p13]
+418: p55 = getarrayitem_gc(p48, 0, descr=<ArrayP 4>)
+427: guard_nonnull_class(p55, 6532144, descr=<Guard0x2b2f690>) [p0, p1, p2, p3, p4, p5, p6, p7, p8, p9, p10, p11, p12, p13]
+445: p57 = getfield_gc(p55, descr=<FieldP spyvm.model.W_AbstractObjectWithClassReference.inst_s_class 12>)
+448: guard_value(p57, ConstPtr(ptr58), descr=<Guard0x2b2f610>) [p0, p1, p2, p3, p4, p5, p6, p7, p8, p9, p10, p11, p12, p13]
+460: p60 = getfield_gc(ConstPtr(ptr59), descr=<FieldP spyvm.model.W_AbstractPointersObject.inst__shadow 20>)
+466: guard_value(p60, ConstPtr(ptr61), descr=<Guard0x2b2f590>) [p0, p1, p2, p3, p4, p5, p6, p7, p8, p9, p10, p11, p12, p13]
+478: i62 = getfield_gc(ConstPtr(ptr20), descr=<FieldU spyvm.interpreter.Interpreter.inst_trace 46>)
+485: guard_value(i62, 0, descr=<Guard0x2b2f510>) [p0, p1, p2, p3, p4, p5, p6, p7, p8, p9, p10, p11, p12, p13]
+494: i64 = getfield_gc(ConstPtr(ptr20), descr=<FieldU spyvm.interpreter.Interpreter.inst__loop 44>)
+501: guard_value(i64, 1, descr=<Guard0x2b2f490>) [p0, p1, p2, p3, p4, p5, p6, p7, p8, p9, p10, p11, p12, p13]
+510: i66 = getfield_gc(ConstPtr(ptr20), descr=<FieldS spyvm.interpreter.Interpreter.inst_remaining_stack_depth 40>)
+516: i68 = int_ge(i66, 3)
guard_true(i68, descr=<Guard0x2b2f410>) [p0, p1, p2, p3, p4, p5, p6, p7, p8, p9, p10, p11, p12, p13]
+525: i70 = int_sub(i66, 1)
+534: i72 = int_sub(i70, 1)
+543: p73 = getfield_gc(p55, descr=<FieldP spyvm.model.W_AbstractPointersObject.inst__shadow 20>)
+546: guard_value(p73, ConstPtr(null), descr=<Guard0x2b2f390>) [p0, p1, p2, p3, p4, p5, p6, p7, p8, p9, p10, p11, p12, p13]
+555: p75 = getfield_gc(p55, descr=<FieldP spyvm.model.W_PointersObject.inst_strategy 28>)
+558: guard_value(p75, ConstPtr(ptr76), descr=<Guard0x2b2f310>) [p0, p1, p2, p3, p4, p5, p6, p7, p8, p9, p10, p11, p12, p13]
+570: p77 = getfield_gc(p55, descr=<FieldP spyvm.model.W_PointersObject.inst__storage 24>)
+573: guard_nonnull(p77, descr=<Guard0x2b2f290>) [p0, p1, p2, p3, p4, p5, p6, p7, p8, p9, p10, p11, p12, p13]
+581: i78 = arraylen_gc(p77, descr=<ArrayP 4>)
+590: i80 = int_ge(i78, 3)
guard_true(i80, descr=<Guard0x2b2f210>) [p0, p1, p2, p3, p4, p5, p6, p7, p8, p9, p10, p11, p12, p13]
+599: p82 = getfield_gc(ConstPtr(ptr81), descr=<FieldP spyvm.model.W_AbstractPointersObject.inst__shadow 20>)
+605: guard_value(p82, ConstPtr(ptr83), descr=<Guard0x2b2f190>) [p0, p1, p2, p3, p4, p5, p6, p7, p8, p9, p10, p11, p12, p13]
+617: jump(p0, p1, p2, p3, p4, p5, p6, p7, p8, p9, p10, p11, p12, p13, i43, i47, p39, p53, p77, i72, p55, 10000, i66, p48, descr=TargetToken(44745872))
+673: --end of the loop--
[36c5de845] jit-log-opt-bridge}
