[36c0d5337] {jit-log-opt-loop
# Loop 0 (12: [0x11]pushTemporaryVariableBytecode (codeTest1394728409)) : loop with 235 ops
[p0]
+61: i1 = getfield_gc(p0, descr=<FieldS spyvm.shadow.ContextPartShadow.inst__pc 24>)
+70: i2 = getfield_gc(p0, descr=<FieldU spyvm.shadow.ContextPartShadow.inst__stack_ptr 32>)
+73: p3 = getfield_gc(p0, descr=<FieldP spyvm.shadow.ContextPartShadow.inst__s_sender 28>)
+76: p4 = getfield_gc(p0, descr=<FieldP spyvm.shadow.ContextPartShadow.inst__temps_and_stack 36>)
+79: p6 = getarrayitem_gc(p4, 0, descr=<ArrayP 4>)
+82: p8 = getarrayitem_gc(p4, 1, descr=<ArrayP 4>)
+85: p10 = getarrayitem_gc(p4, 2, descr=<ArrayP 4>)
+94: p12 = getarrayitem_gc(p4, 3, descr=<ArrayP 4>)
+103: p14 = getarrayitem_gc(p4, 4, descr=<ArrayP 4>)
+112: p16 = getarrayitem_gc(p4, 5, descr=<ArrayP 4>)
+121: p18 = getarrayitem_gc(p4, 6, descr=<ArrayP 4>)
+130: p20 = getarrayitem_gc(p4, 7, descr=<ArrayP 4>)
+139: p22 = getarrayitem_gc(p4, 8, descr=<ArrayP 4>)
+148: p24 = getarrayitem_gc(p4, 9, descr=<ArrayP 4>)
+157: p26 = getarrayitem_gc(p4, 10, descr=<ArrayP 4>)
+166: p28 = getarrayitem_gc(p4, 11, descr=<ArrayP 4>)
+175: p30 = getarrayitem_gc(p4, 12, descr=<ArrayP 4>)
+184: p32 = getarrayitem_gc(p4, 13, descr=<ArrayP 4>)
+193: label(p0, i1, i2, p3, p6, p8, p10, p12, p14, p16, p18, p20, p22, p24, p26, p28, p30, p32, descr=TargetToken(51681888))
debug_merge_point(0, 0, '12: [0x11]pushTemporaryVariableBytecode (codeTest1394728409)')
+211: guard_value(i1, 12, descr=<Guard0x3173590>) [p0, i1, i2, p3, p6, p8, p10, p12, p14, p16, p18, p20, p22, p24, p26, p28, p30, p32]
+220: guard_class(p0, ConstClass(BlockContextShadow), descr=<Guard0x3184690>) [p0, i2, p3, p6, p8, p10, p12, p14, p16, p18, p20, p22, p24, p26, p28, p30, p32]
+239: p35 = getfield_gc(p0, descr=<FieldP spyvm.shadow.BlockContextShadow.inst__w_home 52>)
+242: i36 = getfield_gc(p0, descr=<FieldU spyvm.shadow.AbstractShadow.inst_space 12>)
+245: p37 = getfield_gc(p35, descr=<FieldP spyvm.model.W_AbstractPointersObject.inst__shadow 20>)
+248: guard_nonnull_class(p37, ConstClass(MethodContextShadow), descr=<Guard0x3184650>) [p0, i36, p35, p37, i2, p3, p6, p8, p10, p12, p14, p16, p18, p20, p22, p24, p26, p28, p30, p32]
+266: p39 = getfield_gc(p37, descr=<FieldP spyvm.shadow.MethodContextShadow.inst__w_method 44>)
+269: guard_value(p39, ConstPtr(ptr40), descr=<Guard0x3184610>) [p0, p39, i2, p3, p6, p8, p10, p12, p14, p16, p18, p20, p22, p24, p26, p28, p30, p32]
+281: guard_not_invalidated(descr=<Guard0x31845d0>) [p0, i2, p3, p6, p8, p10, p12, p14, p16, p18, p20, p22, p24, p26, p28, p30, p32]
+281: i41 = ptr_eq(p37, p0)
guard_false(i41, descr=<Guard0x3184590>) [p0, p37, i2, p3, p6, p8, p10, p12, p14, p16, p18, p20, p22, p24, p26, p28, p30, p32]
+289: p42 = getfield_gc(p37, descr=<FieldP spyvm.shadow.ContextPartShadow.vable_token 20>)
+292: i44 = ptr_ne(p42, ConstPtr(null))
+301: cond_call(i44, 4712800, p37, descr=<Callv 0 r EF=2 OS=121>)
+334: p46 = getfield_gc(p37, descr=<FieldP spyvm.shadow.ContextPartShadow.inst__temps_and_stack 36>)
+337: p48 = getarrayitem_gc(p46, 1, descr=<ArrayP 4>)
+340: guard_value(i2, 0, descr=<Guard0x3184550>) [p0, i2, p48, p3, p6, p8, p10, p12, p14, p16, p18, p20, p22, p24, p26, p28, p30, p32]
debug_merge_point(0, 0, '13: [0x23]pushLiteralConstantBytecode (codeTest1394728409)')
debug_merge_point(0, 0, '14: [0xb4]bytecodePrimLessOrEqual (codeTest1394728409)')
+349: guard_nonnull_class(p48, ConstClass(W_SmallInteger), descr=<Guard0x3184510>) [p0, p48, p3, p10, p12, p14, p16, p18, p20, p22, p24, p26, p28, p30, p32]
+367: i51 = getfield_gc_pure(p48, descr=<FieldS spyvm.model.W_SmallInteger.inst_value 8>)
+370: i53 = int_le(i51, 1000000)
guard_true(i53, descr=<Guard0x31844d0>) [p0, p3, p48, p10, p12, p14, p16, p18, p20, p22, p24, p26, p28, p30, p32]
debug_merge_point(0, 0, '15: [0xac]longJumpIfFalse (codeTest1394728409)')
debug_merge_point(0, 0, '17: [0x10]pushTemporaryVariableBytecode (codeTest1394728409)')
+382: cond_call(i44, 4712800, p37, descr=<Callv 0 r EF=2 OS=121>)
+415: p56 = getarrayitem_gc(p46, 0, descr=<ArrayP 4>)
debug_merge_point(0, 0, '18: [0x11]pushTemporaryVariableBytecode (codeTest1394728409)')
+418: cond_call(i44, 4712800, p37, descr=<Callv 0 r EF=2 OS=121>)
debug_merge_point(0, 0, '19: [0xe2]sendLiteralSelectorBytecode (codeTest1394728409)')
+454: guard_class(p56, 6040288, descr=<Guard0x3184490>) [p0, i36, p56, p3, p48, p10, p12, p14, p16, p18, p20, p22, p24, p26, p28, p30, p32]
+467: p59 = getfield_gc(p56, descr=<FieldP spyvm.model.W_AbstractObjectWithClassReference.inst_s_class 12>)
+476: guard_value(p59, ConstPtr(ptr60), descr=<Guard0x3184450>) [p0, p56, p59, p3, p48, p10, p12, p14, p16, p18, p20, p22, p24, p26, p28, p30, p32]
+488: p62 = getfield_gc(ConstPtr(ptr61), descr=<FieldP spyvm.model.W_AbstractPointersObject.inst__shadow 20>)
+494: guard_value(p62, ConstPtr(ptr63), descr=<Guard0x3184410>) [p0, i36, p56, p62, p3, p10, p12, p14, p16, p18, p20, p22, p24, p26, p28, p30, p32, p48]
+506: i65 = getfield_gc(ConstPtr(ptr64), descr=<FieldU spyvm.interpreter.Interpreter.inst_trace 46>)
+513: guard_false(i65, descr=<Guard0x31843d0>) [p0, p3, p10, p12, p14, p16, p18, p20, p22, p24, p26, p28, p30, p32, i36, p56, p48]
+521: i66 = getfield_gc(ConstPtr(ptr64), descr=<FieldU spyvm.interpreter.Interpreter.inst__loop 44>)
+528: guard_true(i66, descr=<Guard0x3184390>) [p0, p3, p10, p12, p14, p16, p18, p20, p22, p24, p26, p28, p30, p32, i36, p56, p48]
+536: i67 = getfield_gc(ConstPtr(ptr64), descr=<FieldS spyvm.interpreter.Interpreter.inst_remaining_stack_depth 40>)
+542: i69 = int_le(i67, 1)
guard_false(i69, descr=<Guard0x3184350>) [p0, p3, p10, p12, p14, p16, p18, p20, p22, p24, p26, p28, p30, p32, i36, p56, p48]
+551: i71 = int_sub(i67, 1)
debug_merge_point(1, 1, '0: [0x70]pushReceiverBytecode (add:)')
debug_merge_point(1, 1, '1: [0x10]pushTemporaryVariableBytecode (add:)')
debug_merge_point(1, 1, '2: [0xe0]sendLiteralSelectorBytecode (add:)')
+560: setfield_gc(ConstPtr(ptr64), i71, descr=<FieldS spyvm.interpreter.Interpreter.inst_remaining_stack_depth 40>)
+566: i73 = int_le(i71, 1)
guard_false(i73, descr=<Guard0x3184310>) [p0, p3, p10, p12, p14, p16, p18, p20, p22, p24, p26, p28, p30, p32, i36, p56, p48]
+575: i75 = int_sub(i71, 1)
debug_merge_point(2, 2, '0: [0x2]pushReceiverVariableBytecode (addLast:)')
+584: p76 = getfield_gc(p56, descr=<FieldP spyvm.model.W_AbstractPointersObject.inst__shadow 20>)
+587: setfield_gc(ConstPtr(ptr64), i75, descr=<FieldS spyvm.interpreter.Interpreter.inst_remaining_stack_depth 40>)
+593: guard_isnull(p76, descr=<Guard0x31842d0>) [p0, p76, p56, p3, p10, p12, p14, p16, p18, p20, p22, p24, p26, p28, p30, p32, i36, None, p48]
+601: p78 = getfield_gc(p56, descr=<FieldP spyvm.model.W_PointersObject.inst_fieldtypes 28>)
+604: guard_value(p78, ConstPtr(ptr79), descr=<Guard0x3184290>) [p0, p78, p56, p3, p10, p12, p14, p16, p18, p20, p22, p24, p26, p28, p30, p32, i36, None, p48]
+616: p80 = getfield_gc(p56, descr=<FieldP spyvm.model.W_PointersObject.inst__vars 24>)
+619: p82 = getarrayitem_gc(p80, 2, descr=<ArrayP 4>)
debug_merge_point(2, 2, '1: [0x0]pushReceiverVariableBytecode (addLast:)')
+628: p84 = getarrayitem_gc(p80, 0, descr=<ArrayP 4>)
debug_merge_point(2, 2, '2: [0xc2]bytecodePrimSize (addLast:)')
+637: p86 = getfield_gc(ConstPtr(ptr85), descr=<FieldP spyvm.model.W_AbstractPointersObject.inst__shadow 20>)
+649: guard_value(p86, ConstPtr(ptr87), descr=<Guard0x3184250>) [p0, p86, p3, p10, p12, p14, p16, p18, p20, p22, p24, p26, p28, p30, p32, p84, p82, i36, p56, p48]
+661: guard_class(p84, 6040288, descr=<Guard0x3184210>) [p0, i36, p84, p3, p10, p12, p14, p16, p18, p20, p22, p24, p26, p28, p30, p32, None, p82, None, p56, p48]
+674: p89 = getfield_gc(p84, descr=<FieldP spyvm.model.W_AbstractObjectWithClassReference.inst_s_class 12>)
+677: guard_value(p89, ConstPtr(ptr90), descr=<Guard0x31841d0>) [p0, p84, p89, p3, p10, p12, p14, p16, p18, p20, p22, p24, p26, p28, p30, p32, None, p82, i36, p56, p48]
+689: p91 = getfield_gc(p84, descr=<FieldP spyvm.model.W_AbstractPointersObject.inst__shadow 20>)
+692: guard_isnull(p91, descr=<Guard0x3184190>) [p0, p84, p91, p3, p10, p12, p14, p16, p18, p20, p22, p24, p26, p28, p30, p32, None, p82, i36, p56, p48]
+700: p92 = getfield_gc(p84, descr=<FieldP spyvm.model.W_PointersObject.inst__vars 24>)
+703: i93 = arraylen_gc(p92, descr=<ArrayP 4>)
debug_merge_point(2, 2, '3: [0xb6]bytecodePrimEqual (addLast:)')
+712: i94 = getfield_gc_pure(p82, descr=<FieldS spyvm.model.W_SmallInteger.inst_value 8>)
+721: i95 = int_eq(i94, i93)
guard_false(i95, descr=<Guard0x3184150>) [p0, p3, p10, p12, p14, p16, p18, p20, p22, p24, p26, p28, p30, p32, i93, None, p82, i36, p56, p48]
debug_merge_point(2, 2, '4: [0x9a]shortConditionalJump (addLast:)')
debug_merge_point(2, 2, '8: [0x2]pushReceiverVariableBytecode (addLast:)')
debug_merge_point(2, 2, '9: [0x76]pushConstantOneBytecode (addLast:)')
debug_merge_point(2, 2, '10: [0xb0]bytecodePrimAdd (addLast:)')
+729: i97 = int_add_ovf(i94, 1)
guard_no_overflow(descr=<Guard0x3184110>) [p0, i97, p3, p10, p12, p14, p16, p18, p20, p22, p24, p26, p28, p30, p32, None, None, p82, i36, p56, p48]
debug_merge_point(2, 2, '11: [0x62]storeAndPopReceiverVariableBytecode (addLast:)')
debug_merge_point(2, 2, '12: [0x0]pushReceiverVariableBytecode (addLast:)')
debug_merge_point(2, 2, '13: [0x2]pushReceiverVariableBytecode (addLast:)')
debug_merge_point(2, 2, '14: [0x10]pushTemporaryVariableBytecode (addLast:)')
debug_merge_point(2, 2, '15: [0xc1]bytecodePrimAtPut (addLast:)')
+744: i99 = int_ge(i94, 0)
guard_true(i99, descr=<Guard0x31840d0>) [p0, p84, p48, i94, p3, p10, p12, p14, p16, p18, p20, p22, p24, p26, p28, p30, p32, i97, p80, None, None, None, i36, p56, None]
+757: i100 = int_lt(i94, i93)
guard_true(i100, descr=<Guard0x3184090>) [p0, p84, p48, i94, p3, p10, p12, p14, p16, p18, p20, p22, p24, p26, p28, p30, p32, i97, p80, None, None, None, i36, p56, None]
+769: p101 = getfield_gc(p84, descr=<FieldP spyvm.model.W_PointersObject.inst_fieldtypes 28>)
+772: guard_value(p101, ConstPtr(ptr102), descr=<Guard0x3184050>) [p0, p84, p48, i94, p101, p3, p10, p12, p14, p16, p18, p20, p22, p24, p26, p28, p30, p32, i97, p80, None, None, None, i36, p56, None]
p104 = new_with_vtable(ConstClass(W_SmallInteger))
+838: setfield_gc(p104, i97, descr=<FieldS spyvm.model.W_SmallInteger.inst_value 8>)
+867: setarrayitem_gc(p80, 2, p104, descr=<ArrayP 4>)
+909: setarrayitem_gc(p92, i94, p48, descr=<ArrayP 4>)
debug_merge_point(2, 2, '16: [0x87]popStackBytecode (addLast:)')
debug_merge_point(2, 2, '17: [0x10]pushTemporaryVariableBytecode (addLast:)')
debug_merge_point(2, 2, '18: [0x7c]returnTopFromMethod (addLast:)')
debug_merge_point(1, 1, '3: [0x7c]returnTopFromMethod (add:)')
debug_merge_point(0, 0, '20: [0x87]popStackBytecode (codeTest1394728409)')
debug_merge_point(0, 0, '21: [0x11]pushTemporaryVariableBytecode (codeTest1394728409)')
+919: cond_call(i44, 4712800, p37, descr=<Callv 0 r EF=2 OS=121>)
+955: p108 = getarrayitem_gc(p46, 1, descr=<ArrayP 4>)
debug_merge_point(0, 0, '22: [0x76]pushConstantOneBytecode (codeTest1394728409)')
debug_merge_point(0, 0, '23: [0xb0]bytecodePrimAdd (codeTest1394728409)')
+964: setfield_gc(ConstPtr(ptr64), i67, descr=<FieldS spyvm.interpreter.Interpreter.inst_remaining_stack_depth 40>)
+976: guard_nonnull_class(p108, ConstClass(W_SmallInteger), descr=<Guard0x3184010>) [p0, p108, p3, p10, p12, p14, p16, p18, p20, p22, p24, p26, p28, p30, p32]
+994: i110 = getfield_gc_pure(p108, descr=<FieldS spyvm.model.W_SmallInteger.inst_value 8>)
+997: i112 = int_add_ovf(i110, 1)
guard_no_overflow(descr=<Guard0x3173f90>) [p0, i112, p3, p108, p10, p12, p14, p16, p18, p20, p22, p24, p26, p28, p30, p32]
debug_merge_point(0, 0, '24: [0x69]storeAndPopTemporaryVariableBytecode (codeTest1394728409)')
+1006: cond_call(i44, 4712800, p37, descr=<Callv 0 r EF=2 OS=121>)
debug_merge_point(0, 0, '25: [0xa3]longUnconditionalJump (codeTest1394728409)')
+1045: i114 = getfield_gc(ConstPtr(ptr64), descr=<FieldS spyvm.interpreter.Interpreter.inst_interrupt_check_counter 24>)
+1051: i116 = int_sub(i114, 8)
+1054: setfield_gc(ConstPtr(ptr64), i116, descr=<FieldS spyvm.interpreter.Interpreter.inst_interrupt_check_counter 24>)
+1060: i118 = int_le(i116, 0)
guard_false(i118, descr=<Guard0x3173f50>) [p0, p3, p10, p12, p14, p16, p18, p20, p22, p24, p26, p28, p30, p32, i112, p46]
debug_merge_point(0, 0, '12: [0x11]pushTemporaryVariableBytecode (codeTest1394728409)')
p120 = new_with_vtable(ConstClass(W_SmallInteger))
+1117: setfield_gc(p120, i112, descr=<FieldS spyvm.model.W_SmallInteger.inst_value 8>)
+1140: setarrayitem_gc(p46, 1, p120, descr=<ArrayP 4>)
+1143: label(p0, p3, p10, p12, p14, p16, p18, p20, p22, p24, p26, p28, p30, p32, i44, p37, p120, p46, i36, i75, i67, i116, descr=TargetToken(51681936))
debug_merge_point(0, 0, '12: [0x11]pushTemporaryVariableBytecode (codeTest1394728409)')
+1143: guard_not_invalidated(descr=<Guard0x3173ed0>) [p0, p3, p10, p12, p14, p16, p18, p20, p22, p24, p26, p28, p30, p32]
+1143: cond_call(i44, 4712800, p37, descr=<Callv 0 r EF=2 OS=121>)
debug_merge_point(0, 0, '13: [0x23]pushLiteralConstantBytecode (codeTest1394728409)')
debug_merge_point(0, 0, '14: [0xb4]bytecodePrimLessOrEqual (codeTest1394728409)')
+1188: i122 = getfield_gc_pure(p120, descr=<FieldS spyvm.model.W_SmallInteger.inst_value 8>)
+1191: i123 = int_le(i122, 1000000)
guard_true(i123, descr=<Guard0x3173e90>) [p0, p3, p120, p10, p12, p14, p16, p18, p20, p22, p24, p26, p28, p30, p32]
debug_merge_point(0, 0, '15: [0xac]longJumpIfFalse (codeTest1394728409)')
debug_merge_point(0, 0, '17: [0x10]pushTemporaryVariableBytecode (codeTest1394728409)')
+1203: cond_call(i44, 4712800, p37, descr=<Callv 0 r EF=2 OS=121>)
+1242: p124 = getarrayitem_gc(p46, 0, descr=<ArrayP 4>)
debug_merge_point(0, 0, '18: [0x11]pushTemporaryVariableBytecode (codeTest1394728409)')
+1245: cond_call(i44, 4712800, p37, descr=<Callv 0 r EF=2 OS=121>)
debug_merge_point(0, 0, '19: [0xe2]sendLiteralSelectorBytecode (codeTest1394728409)')
+1287: guard_class(p124, 6040288, descr=<Guard0x3173e50>) [p0, i36, p124, p3, p120, p10, p12, p14, p16, p18, p20, p22, p24, p26, p28, p30, p32]
+1300: p125 = getfield_gc(p124, descr=<FieldP spyvm.model.W_AbstractObjectWithClassReference.inst_s_class 12>)
+1309: guard_value(p125, ConstPtr(ptr60), descr=<Guard0x3173e10>) [p0, p124, p125, p3, p120, p10, p12, p14, p16, p18, p20, p22, p24, p26, p28, p30, p32]
debug_merge_point(1, 1, '0: [0x70]pushReceiverBytecode (add:)')
debug_merge_point(1, 1, '1: [0x10]pushTemporaryVariableBytecode (add:)')
debug_merge_point(1, 1, '2: [0xe0]sendLiteralSelectorBytecode (add:)')
debug_merge_point(2, 2, '0: [0x2]pushReceiverVariableBytecode (addLast:)')
+1321: p126 = getfield_gc(p124, descr=<FieldP spyvm.model.W_AbstractPointersObject.inst__shadow 20>)
+1324: setfield_gc(ConstPtr(ptr64), i75, descr=<FieldS spyvm.interpreter.Interpreter.inst_remaining_stack_depth 40>)
+1336: guard_isnull(p126, descr=<Guard0x3173dd0>) [p0, p126, p124, p3, p10, p12, p14, p16, p18, p20, p22, p24, p26, p28, p30, p32, p120, i36]
+1344: p127 = getfield_gc(p124, descr=<FieldP spyvm.model.W_PointersObject.inst_fieldtypes 28>)
+1347: guard_value(p127, ConstPtr(ptr79), descr=<Guard0x3173d90>) [p0, p127, p124, p3, p10, p12, p14, p16, p18, p20, p22, p24, p26, p28, p30, p32, p120, i36]
+1359: p128 = getfield_gc(p124, descr=<FieldP spyvm.model.W_PointersObject.inst__vars 24>)
+1362: p129 = getarrayitem_gc(p128, 2, descr=<ArrayP 4>)
debug_merge_point(2, 2, '1: [0x0]pushReceiverVariableBytecode (addLast:)')
+1365: p130 = getarrayitem_gc(p128, 0, descr=<ArrayP 4>)
debug_merge_point(2, 2, '2: [0xc2]bytecodePrimSize (addLast:)')
+1374: guard_class(p130, 6040288, descr=<Guard0x3173d50>) [p0, i36, p130, p3, p10, p12, p14, p16, p18, p20, p22, p24, p26, p28, p30, p32, p129, p124, p120, None]
+1387: p131 = getfield_gc(p130, descr=<FieldP spyvm.model.W_AbstractObjectWithClassReference.inst_s_class 12>)
+1396: guard_value(p131, ConstPtr(ptr90), descr=<Guard0x3173d10>) [p0, p130, p131, p3, p10, p12, p14, p16, p18, p20, p22, p24, p26, p28, p30, p32, p129, p124, p120, i36]
+1408: p132 = getfield_gc(p130, descr=<FieldP spyvm.model.W_AbstractPointersObject.inst__shadow 20>)
+1411: guard_isnull(p132, descr=<Guard0x3173cd0>) [p0, p130, p132, p3, p10, p12, p14, p16, p18, p20, p22, p24, p26, p28, p30, p32, p129, p124, p120, i36]
+1419: p133 = getfield_gc(p130, descr=<FieldP spyvm.model.W_PointersObject.inst__vars 24>)
+1422: i134 = arraylen_gc(p133, descr=<ArrayP 4>)
debug_merge_point(2, 2, '3: [0xb6]bytecodePrimEqual (addLast:)')
+1431: i135 = getfield_gc_pure(p129, descr=<FieldS spyvm.model.W_SmallInteger.inst_value 8>)
+1440: i136 = int_eq(i135, i134)
guard_false(i136, descr=<Guard0x3173c90>) [p0, p3, p10, p12, p14, p16, p18, p20, p22, p24, p26, p28, p30, p32, i134, p129, p124, p120, i36]
debug_merge_point(2, 2, '4: [0x9a]shortConditionalJump (addLast:)')
debug_merge_point(2, 2, '8: [0x2]pushReceiverVariableBytecode (addLast:)')
debug_merge_point(2, 2, '9: [0x76]pushConstantOneBytecode (addLast:)')
debug_merge_point(2, 2, '10: [0xb0]bytecodePrimAdd (addLast:)')
+1448: i137 = int_add_ovf(i135, 1)
guard_no_overflow(descr=<Guard0x3173c50>) [p0, i137, p3, p10, p12, p14, p16, p18, p20, p22, p24, p26, p28, p30, p32, None, p129, p124, p120, i36]
debug_merge_point(2, 2, '11: [0x62]storeAndPopReceiverVariableBytecode (addLast:)')
debug_merge_point(2, 2, '12: [0x0]pushReceiverVariableBytecode (addLast:)')
debug_merge_point(2, 2, '13: [0x2]pushReceiverVariableBytecode (addLast:)')
debug_merge_point(2, 2, '14: [0x10]pushTemporaryVariableBytecode (addLast:)')
debug_merge_point(2, 2, '15: [0xc1]bytecodePrimAtPut (addLast:)')
+1463: i138 = int_ge(i135, 0)
guard_true(i138, descr=<Guard0x3173c10>) [p0, p130, p120, i135, p3, p10, p12, p14, p16, p18, p20, p22, p24, p26, p28, p30, p32, p128, i137, None, None, p124, None, i36]
+1476: i139 = int_lt(i135, i134)
guard_true(i139, descr=<Guard0x3173bd0>) [p0, p130, p120, i135, p3, p10, p12, p14, p16, p18, p20, p22, p24, p26, p28, p30, p32, p128, i137, None, None, p124, None, i36]
+1488: p140 = getfield_gc(p130, descr=<FieldP spyvm.model.W_PointersObject.inst_fieldtypes 28>)
+1491: guard_value(p140, ConstPtr(ptr102), descr=<Guard0x3173b90>) [p0, p130, p120, i135, p140, p3, p10, p12, p14, p16, p18, p20, p22, p24, p26, p28, p30, p32, p128, i137, None, None, p124, None, i36]
p141 = new_with_vtable(ConstClass(W_SmallInteger))
+1557: setfield_gc(p141, i137, descr=<FieldS spyvm.model.W_SmallInteger.inst_value 8>)
+1586: setarrayitem_gc(p128, 2, p141, descr=<ArrayP 4>)
+1628: setarrayitem_gc(p133, i135, p120, descr=<ArrayP 4>)
debug_merge_point(2, 2, '16: [0x87]popStackBytecode (addLast:)')
debug_merge_point(2, 2, '17: [0x10]pushTemporaryVariableBytecode (addLast:)')
debug_merge_point(2, 2, '18: [0x7c]returnTopFromMethod (addLast:)')
debug_merge_point(1, 1, '3: [0x7c]returnTopFromMethod (add:)')
debug_merge_point(0, 0, '20: [0x87]popStackBytecode (codeTest1394728409)')
debug_merge_point(0, 0, '21: [0x11]pushTemporaryVariableBytecode (codeTest1394728409)')
+1638: cond_call(i44, 4712800, p37, descr=<Callv 0 r EF=2 OS=121>)
+1674: p142 = getarrayitem_gc(p46, 1, descr=<ArrayP 4>)
debug_merge_point(0, 0, '22: [0x76]pushConstantOneBytecode (codeTest1394728409)')
debug_merge_point(0, 0, '23: [0xb0]bytecodePrimAdd (codeTest1394728409)')
+1683: setfield_gc(ConstPtr(ptr64), i67, descr=<FieldS spyvm.interpreter.Interpreter.inst_remaining_stack_depth 40>)
+1695: guard_nonnull_class(p142, ConstClass(W_SmallInteger), descr=<Guard0x3173b50>) [p0, p142, p3, p10, p12, p14, p16, p18, p20, p22, p24, p26, p28, p30, p32]
+1713: i143 = getfield_gc_pure(p142, descr=<FieldS spyvm.model.W_SmallInteger.inst_value 8>)
+1716: i144 = int_add_ovf(i143, 1)
guard_no_overflow(descr=<Guard0x3173b10>) [p0, i144, p3, p142, p10, p12, p14, p16, p18, p20, p22, p24, p26, p28, p30, p32]
debug_merge_point(0, 0, '24: [0x69]storeAndPopTemporaryVariableBytecode (codeTest1394728409)')
+1725: cond_call(i44, 4712800, p37, descr=<Callv 0 r EF=2 OS=121>)
debug_merge_point(0, 0, '25: [0xa3]longUnconditionalJump (codeTest1394728409)')
+1761: i145 = int_sub(i116, 8)
+1770: setfield_gc(ConstPtr(ptr64), i145, descr=<FieldS spyvm.interpreter.Interpreter.inst_interrupt_check_counter 24>)
+1776: i146 = int_le(i145, 0)
guard_false(i146, descr=<Guard0x3173ad0>) [p0, p3, p10, p12, p14, p16, p18, p20, p22, p24, p26, p28, p30, p32, p46, i144]
debug_merge_point(0, 0, '12: [0x11]pushTemporaryVariableBytecode (codeTest1394728409)')
p147 = new_with_vtable(ConstClass(W_SmallInteger))
+1839: setfield_gc(p147, i144, descr=<FieldS spyvm.model.W_SmallInteger.inst_value 8>)
+1862: setarrayitem_gc(p46, 1, p147, descr=<ArrayP 4>)
+1865: i148 = arraylen_gc(p46, descr=<ArrayP 4>)
+1865: jump(p0, p3, p10, p12, p14, p16, p18, p20, p22, p24, p26, p28, p30, p32, i44, p37, p147, p46, i36, i75, i67, i145, descr=TargetToken(51681936))
+1880: --end of the loop--
[36c0d5b84] jit-log-opt-loop}
[36c0e86c4] {jit-log-opt-bridge
# bridge out of Guard 0x3173ad0 with 47 ops
[p0, p1, p2, p3, p4, p5, p6, p7, p8, p9, p10, p11, p12, p13, p14, i15]
+29: f17 = call(ConstClass(ll_time.ll_time_time), descr=<Callf 8 EF=4>)
+88: setfield_gc(ConstPtr(ptr18), 10000, descr=<FieldS spyvm.interpreter.Interpreter.inst_interrupt_check_counter 24>)
+98: guard_no_exception(descr=<Guard0x318d010>) [p0, f17, p1, p2, p3, p4, p5, p6, p7, p8, p9, p10, p11, p12, p13, p14, i15]
+111: f21 = float_sub(f17, 1394728409.981000)
+119: f23 = float_mul(f21, 1000.000000)
+127: i24 = cast_float_to_int(f23)
+131: i26 = int_and(i24, 2147483647)
+137: i27 = getfield_gc(ConstPtr(ptr18), descr=<FieldS spyvm.interpreter.Interpreter.inst_next_wakeup_tick 36>)
+143: i28 = int_is_zero(i27)
guard_true(i28, descr=<Guard0x318d810>) [p0, i26, p1, p2, p3, p4, p5, p6, p7, p8, p9, p10, p11, p12, p13, p14, i15]
debug_merge_point(0, 0, '12: [0x11]pushTemporaryVariableBytecode (codeTest1394728409)')
p30 = new_with_vtable(ConstClass(W_SmallInteger))
+200: setfield_gc(p30, i15, descr=<FieldS spyvm.model.W_SmallInteger.inst_value 8>)
+235: setarrayitem_gc(p14, 1, p30, descr=<ArrayP 4>)
+238: guard_nonnull_class(p0, ConstClass(BlockContextShadow), descr=<Guard0x318d790>) [p0, p1, p2, p3, p4, p5, p6, p7, p8, p9, p10, p11, p12, p13]
+262: p33 = getfield_gc(p0, descr=<FieldP spyvm.shadow.BlockContextShadow.inst__w_home 52>)
+265: guard_nonnull(p33, descr=<Guard0x318d710>) [p0, p1, p2, p3, p4, p5, p6, p7, p8, p9, p10, p11, p12, p13]
+273: p34 = getfield_gc(p33, descr=<FieldP spyvm.model.W_AbstractPointersObject.inst__shadow 20>)
+276: guard_nonnull_class(p34, ConstClass(MethodContextShadow), descr=<Guard0x318d690>) [p0, p1, p2, p3, p4, p5, p6, p7, p8, p9, p10, p11, p12, p13]
+294: p36 = getfield_gc(p34, descr=<FieldP spyvm.shadow.MethodContextShadow.inst__w_method 44>)
+297: guard_value(p36, ConstPtr(ptr37), descr=<Guard0x318d610>) [p0, p1, p2, p3, p4, p5, p6, p7, p8, p9, p10, p11, p12, p13]
+309: i38 = ptr_eq(p34, p0)
guard_false(i38, descr=<Guard0x318d590>) [p0, p1, p2, p3, p4, p5, p6, p7, p8, p9, p10, p11, p12, p13]
+317: p39 = getfield_gc(p34, descr=<FieldP spyvm.shadow.ContextPartShadow.vable_token 20>)
+320: i41 = ptr_ne(p39, ConstPtr(null))
+329: p42 = getfield_gc(p34, descr=<FieldP spyvm.shadow.ContextPartShadow.inst__temps_and_stack 36>)
+332: guard_nonnull(p42, descr=<Guard0x318d510>) [p0, p1, p2, p3, p4, p5, p6, p7, p8, p9, p10, p11, p12, p13]
+340: i43 = arraylen_gc(p42, descr=<ArrayP 4>)
+343: i45 = int_ge(i43, 2)
guard_true(i45, descr=<Guard0x318d490>) [p0, p1, p2, p3, p4, p5, p6, p7, p8, p9, p10, p11, p12, p13]
+352: p47 = getarrayitem_gc(p42, 1, descr=<ArrayP 4>)
+355: guard_nonnull_class(p47, ConstClass(W_SmallInteger), descr=<Guard0x318d410>) [p0, p1, p2, p3, p4, p5, p6, p7, p8, p9, p10, p11, p12, p13]
+373: i48 = getfield_gc(p0, descr=<FieldU spyvm.shadow.AbstractShadow.inst_space 12>)
+376: p50 = getfield_gc(ConstPtr(ptr49), descr=<FieldP spyvm.model.W_AbstractPointersObject.inst__shadow 20>)
+388: guard_value(p50, ConstPtr(ptr51), descr=<Guard0x318d390>) [p0, p1, p2, p3, p4, p5, p6, p7, p8, p9, p10, p11, p12, p13]
+400: i52 = getfield_gc(ConstPtr(ptr18), descr=<FieldU spyvm.interpreter.Interpreter.inst_trace 46>)
+407: guard_value(i52, 0, descr=<Guard0x318d310>) [p0, p1, p2, p3, p4, p5, p6, p7, p8, p9, p10, p11, p12, p13]
+416: i54 = getfield_gc(ConstPtr(ptr18), descr=<FieldU spyvm.interpreter.Interpreter.inst__loop 44>)
+423: guard_value(i54, 1, descr=<Guard0x318d290>) [p0, p1, p2, p3, p4, p5, p6, p7, p8, p9, p10, p11, p12, p13]
+432: i56 = getfield_gc(ConstPtr(ptr18), descr=<FieldS spyvm.interpreter.Interpreter.inst_remaining_stack_depth 40>)
+438: i58 = int_ge(i56, 3)
guard_true(i58, descr=<Guard0x318d210>) [p0, p1, p2, p3, p4, p5, p6, p7, p8, p9, p10, p11, p12, p13]
+447: i60 = int_sub(i56, 1)
+456: i62 = int_sub(i60, 1)
+465: p64 = getfield_gc(ConstPtr(ptr63), descr=<FieldP spyvm.model.W_AbstractPointersObject.inst__shadow 20>)
+471: guard_value(p64, ConstPtr(ptr65), descr=<Guard0x318d190>) [p0, p1, p2, p3, p4, p5, p6, p7, p8, p9, p10, p11, p12, p13]
+483: jump(p0, p1, p2, p3, p4, p5, p6, p7, p8, p9, p10, p11, p12, p13, i41, p34, p47, p42, i48, i62, i56, 10000, descr=TargetToken(51681936))
+533: --end of the loop--
[36c0e88a3] jit-log-opt-bridge}
